2025-08-06 12:23:51 ERROR Internal Server Error: /news/news/ C:\Users\kores\PycharmProjects\NewSite\NewsSite\venv\Lib\site-packages\django\utils\log.py
None
Traceback (most recent call last):
  File "C:\Users\kores\PycharmProjects\NewSite\NewsSite\venv\Lib\site-packages\django\core\handlers\exception.py", line 55, in inner
    response = get_response(request)
  File "C:\Users\kores\PycharmProjects\NewSite\NewsSite\venv\Lib\site-packages\django\core\handlers\base.py", line 220, in _get_response
    response = response.render()
  File "C:\Users\kores\PycharmProjects\NewSite\NewsSite\venv\Lib\site-packages\django\template\response.py", line 114, in render
    self.content = self.rendered_content
                   ^^^^^^^^^^^^^^^^^^^^^
  File "C:\Users\kores\PycharmProjects\NewSite\NewsSite\venv\Lib\site-packages\django\template\response.py", line 92, in rendered_content
    return template.render(context, self._request)
           ~~~~~~~~~~~~~~~^^^^^^^^^^^^^^^^^^^^^^^^
  File "C:\Users\kores\PycharmProjects\NewSite\NewsSite\venv\Lib\site-packages\django\template\backends\django.py", line 107, in render
    return self.template.render(context)
           ~~~~~~~~~~~~~~~~~~~~^^^^^^^^^
  File "C:\Users\kores\PycharmProjects\NewSite\NewsSite\venv\Lib\site-packages\django\template\base.py", line 171, in render
    return self._render(context)
           ~~~~~~~~~~~~^^^^^^^^^
  File "C:\Users\kores\PycharmProjects\NewSite\NewsSite\venv\Lib\site-packages\django\template\base.py", line 163, in _render
    return self.nodelist.render(context)
           ~~~~~~~~~~~~~~~~~~~~^^^^^^^^^
  File "C:\Users\kores\PycharmProjects\NewSite\NewsSite\venv\Lib\site-packages\django\template\base.py", line 1016, in render
    return SafeString("".join([node.render_annotated(context) for node in self]))
                               ~~~~~~~~~~~~~~~~~~~~~^^^^^^^^^
  File "C:\Users\kores\PycharmProjects\NewSite\NewsSite\venv\Lib\site-packages\django\template\base.py", line 977, in render_annotated
    return self.render(context)
           ~~~~~~~~~~~^^^^^^^^^
  File "C:\Users\kores\PycharmProjects\NewSite\NewsSite\venv\Lib\site-packages\django\template\loader_tags.py", line 134, in render
    compiled_parent = self.get_parent(context)
  File "C:\Users\kores\PycharmProjects\NewSite\NewsSite\venv\Lib\site-packages\django\template\loader_tags.py", line 131, in get_parent
    return self.find_template(parent, context)
           ~~~~~~~~~~~~~~~~~~^^^^^^^^^^^^^^^^^
  File "C:\Users\kores\PycharmProjects\NewSite\NewsSite\venv\Lib\site-packages\django\template\loader_tags.py", line 109, in find_template
    template, origin = context.template.engine.find_template(
                       ~~~~~~~~~~~~~~~~~~~~~~~~~~~~~~~~~~~~~^
        template_name,
        ^^^^^^^^^^^^^^
        skip=history,
        ^^^^^^^^^^^^^
    )
    ^
  File "C:\Users\kores\PycharmProjects\NewSite\NewsSite\venv\Lib\site-packages\django\template\engine.py", line 159, in find_template
    template = loader.get_template(name, skip=skip)
  File "C:\Users\kores\PycharmProjects\NewSite\NewsSite\venv\Lib\site-packages\django\template\loaders\cached.py", line 57, in get_template
    template = super().get_template(template_name, skip)
  File "C:\Users\kores\PycharmProjects\NewSite\NewsSite\venv\Lib\site-packages\django\template\loaders\base.py", line 28, in get_template
    return Template(
        contents,
    ...<2 lines>...
        self.engine,
    )
  File "C:\Users\kores\PycharmProjects\NewSite\NewsSite\venv\Lib\site-packages\django\template\base.py", line 154, in __init__
    self.nodelist = self.compile_nodelist()
                    ~~~~~~~~~~~~~~~~~~~~~^^
  File "C:\Users\kores\PycharmProjects\NewSite\NewsSite\venv\Lib\site-packages\django\template\base.py", line 196, in compile_nodelist
    nodelist = parser.parse()
  File "C:\Users\kores\PycharmProjects\NewSite\NewsSite\venv\Lib\site-packages\django\template\base.py", line 518, in parse
    raise self.error(token, e)
  File "C:\Users\kores\PycharmProjects\NewSite\NewsSite\venv\Lib\site-packages\django\template\base.py", line 516, in parse
    compiled_result = compile_func(self, token)
  File "C:\Users\kores\PycharmProjects\NewSite\NewsSite\venv\Lib\site-packages\django\templatetags\i18n.py", line 402, in do_translate
    raise TemplateSyntaxError("'%s' takes at least one argument" % bits[0])
django.template.exceptions.TemplateSyntaxError: 'trans' takes at least one argument
2025-08-06 12:23:51 ERROR "GET /news/news/ HTTP/1.1" 500 180574 C:\Users\kores\PycharmProjects\NewSite\NewsSite\venv\Lib\site-packages\django\core\servers\basehttp.py
None
2025-08-06 12:40:19 ERROR Internal Server Error: /news/news/search/ C:\Users\kores\PycharmProjects\NewSite\NewsSite\venv\Lib\site-packages\django\utils\log.py
None
Traceback (most recent call last):
  File "C:\Users\kores\PycharmProjects\NewSite\NewsSite\venv\Lib\site-packages\django\template\base.py", line 510, in parse
    compile_func = self.tags[command]
                   ~~~~~~~~~^^^^^^^^^
KeyError: 'trans'

During handling of the above exception, another exception occurred:

Traceback (most recent call last):
  File "C:\Users\kores\PycharmProjects\NewSite\NewsSite\venv\Lib\site-packages\django\core\handlers\exception.py", line 55, in inner
    response = get_response(request)
  File "C:\Users\kores\PycharmProjects\NewSite\NewsSite\venv\Lib\site-packages\django\core\handlers\base.py", line 220, in _get_response
    response = response.render()
  File "C:\Users\kores\PycharmProjects\NewSite\NewsSite\venv\Lib\site-packages\django\template\response.py", line 114, in render
    self.content = self.rendered_content
                   ^^^^^^^^^^^^^^^^^^^^^
  File "C:\Users\kores\PycharmProjects\NewSite\NewsSite\venv\Lib\site-packages\django\template\response.py", line 90, in rendered_content
    template = self.resolve_template(self.template_name)
  File "C:\Users\kores\PycharmProjects\NewSite\NewsSite\venv\Lib\site-packages\django\template\response.py", line 72, in resolve_template
    return select_template(template, using=self.using)
  File "C:\Users\kores\PycharmProjects\NewSite\NewsSite\venv\Lib\site-packages\django\template\loader.py", line 42, in select_template
    return engine.get_template(template_name)
           ~~~~~~~~~~~~~~~~~~~^^^^^^^^^^^^^^^
  File "C:\Users\kores\PycharmProjects\NewSite\NewsSite\venv\Lib\site-packages\django\template\backends\django.py", line 79, in get_template
    return Template(self.engine.get_template(template_name), self)
                    ~~~~~~~~~~~~~~~~~~~~~~~~^^^^^^^^^^^^^^^
  File "C:\Users\kores\PycharmProjects\NewSite\NewsSite\venv\Lib\site-packages\django\template\engine.py", line 177, in get_template
    template, origin = self.find_template(template_name)
                       ~~~~~~~~~~~~~~~~~~^^^^^^^^^^^^^^^
  File "C:\Users\kores\PycharmProjects\NewSite\NewsSite\venv\Lib\site-packages\django\template\engine.py", line 159, in find_template
    template = loader.get_template(name, skip=skip)
  File "C:\Users\kores\PycharmProjects\NewSite\NewsSite\venv\Lib\site-packages\django\template\loaders\cached.py", line 57, in get_template
    template = super().get_template(template_name, skip)
  File "C:\Users\kores\PycharmProjects\NewSite\NewsSite\venv\Lib\site-packages\django\template\loaders\base.py", line 28, in get_template
    return Template(
        contents,
    ...<2 lines>...
        self.engine,
    )
  File "C:\Users\kores\PycharmProjects\NewSite\NewsSite\venv\Lib\site-packages\django\template\base.py", line 154, in __init__
    self.nodelist = self.compile_nodelist()
                    ~~~~~~~~~~~~~~~~~~~~~^^
  File "C:\Users\kores\PycharmProjects\NewSite\NewsSite\venv\Lib\site-packages\django\template\base.py", line 196, in compile_nodelist
    nodelist = parser.parse()
  File "C:\Users\kores\PycharmProjects\NewSite\NewsSite\venv\Lib\site-packages\django\template\base.py", line 518, in parse
    raise self.error(token, e)
  File "C:\Users\kores\PycharmProjects\NewSite\NewsSite\venv\Lib\site-packages\django\template\base.py", line 516, in parse
    compiled_result = compile_func(self, token)
  File "C:\Users\kores\PycharmProjects\NewSite\NewsSite\venv\Lib\site-packages\django\template\loader_tags.py", line 299, in do_extends
    nodelist = parser.parse()
  File "C:\Users\kores\PycharmProjects\NewSite\NewsSite\venv\Lib\site-packages\django\template\base.py", line 518, in parse
    raise self.error(token, e)
  File "C:\Users\kores\PycharmProjects\NewSite\NewsSite\venv\Lib\site-packages\django\template\base.py", line 516, in parse
    compiled_result = compile_func(self, token)
  File "C:\Users\kores\PycharmProjects\NewSite\NewsSite\venv\Lib\site-packages\django\template\loader_tags.py", line 234, in do_block
    nodelist = parser.parse(("endblock",))
  File "C:\Users\kores\PycharmProjects\NewSite\NewsSite\venv\Lib\site-packages\django\template\base.py", line 512, in parse
    self.invalid_block_tag(token, command, parse_until)
    ~~~~~~~~~~~~~~~~~~~~~~^^^^^^^^^^^^^^^^^^^^^^^^^^^^^
  File "C:\Users\kores\PycharmProjects\NewSite\NewsSite\venv\Lib\site-packages\django\template\base.py", line 567, in invalid_block_tag
    raise self.error(
    ...<8 lines>...
    )
django.template.exceptions.TemplateSyntaxError: Invalid block tag on line 102: 'trans', expected 'endblock'. Did you forget to register or load this tag?
2025-08-06 12:40:19 ERROR "GET /news/news/search/?page=1 HTTP/1.1" 500 240468 C:\Users\kores\PycharmProjects\NewSite\NewsSite\venv\Lib\site-packages\django\core\servers\basehttp.py
None
2025-08-06 12:46:49 ERROR Internal Server Error: /news/news/ C:\Users\kores\PycharmProjects\NewSite\NewsSite\venv\Lib\site-packages\django\utils\log.py
None
Traceback (most recent call last):
  File "C:\Users\kores\PycharmProjects\NewSite\NewsSite\venv\Lib\site-packages\django\core\handlers\exception.py", line 55, in inner
    response = get_response(request)
  File "C:\Users\kores\PycharmProjects\NewSite\NewsSite\venv\Lib\site-packages\django\core\handlers\base.py", line 220, in _get_response
    response = response.render()
  File "C:\Users\kores\PycharmProjects\NewSite\NewsSite\venv\Lib\site-packages\django\template\response.py", line 114, in render
    self.content = self.rendered_content
                   ^^^^^^^^^^^^^^^^^^^^^
  File "C:\Users\kores\PycharmProjects\NewSite\NewsSite\venv\Lib\site-packages\django\template\response.py", line 92, in rendered_content
    return template.render(context, self._request)
           ~~~~~~~~~~~~~~~^^^^^^^^^^^^^^^^^^^^^^^^
  File "C:\Users\kores\PycharmProjects\NewSite\NewsSite\venv\Lib\site-packages\django\template\backends\django.py", line 107, in render
    return self.template.render(context)
           ~~~~~~~~~~~~~~~~~~~~^^^^^^^^^
  File "C:\Users\kores\PycharmProjects\NewSite\NewsSite\venv\Lib\site-packages\django\template\base.py", line 171, in render
    return self._render(context)
           ~~~~~~~~~~~~^^^^^^^^^
  File "C:\Users\kores\PycharmProjects\NewSite\NewsSite\venv\Lib\site-packages\django\template\base.py", line 163, in _render
    return self.nodelist.render(context)
           ~~~~~~~~~~~~~~~~~~~~^^^^^^^^^
  File "C:\Users\kores\PycharmProjects\NewSite\NewsSite\venv\Lib\site-packages\django\template\base.py", line 1016, in render
    return SafeString("".join([node.render_annotated(context) for node in self]))
                               ~~~~~~~~~~~~~~~~~~~~~^^^^^^^^^
  File "C:\Users\kores\PycharmProjects\NewSite\NewsSite\venv\Lib\site-packages\django\template\base.py", line 977, in render_annotated
    return self.render(context)
           ~~~~~~~~~~~^^^^^^^^^
  File "C:\Users\kores\PycharmProjects\NewSite\NewsSite\venv\Lib\site-packages\django\template\loader_tags.py", line 159, in render
    return compiled_parent._render(context)
           ~~~~~~~~~~~~~~~~~~~~~~~^^^^^^^^^
  File "C:\Users\kores\PycharmProjects\NewSite\NewsSite\venv\Lib\site-packages\django\template\base.py", line 163, in _render
    return self.nodelist.render(context)
           ~~~~~~~~~~~~~~~~~~~~^^^^^^^^^
  File "C:\Users\kores\PycharmProjects\NewSite\NewsSite\venv\Lib\site-packages\django\template\base.py", line 1016, in render
    return SafeString("".join([node.render_annotated(context) for node in self]))
                               ~~~~~~~~~~~~~~~~~~~~~^^^^^^^^^
  File "C:\Users\kores\PycharmProjects\NewSite\NewsSite\venv\Lib\site-packages\django\template\base.py", line 977, in render_annotated
    return self.render(context)
           ~~~~~~~~~~~^^^^^^^^^
  File "C:\Users\kores\PycharmProjects\NewSite\NewsSite\venv\Lib\site-packages\django\template\defaulttags.py", line 480, in render
    url = reverse(view_name, args=args, kwargs=kwargs, current_app=current_app)
  File "C:\Users\kores\PycharmProjects\NewSite\NewsSite\venv\Lib\site-packages\django\urls\base.py", line 98, in reverse
    resolved_url = resolver._reverse_with_prefix(view, prefix, *args, **kwargs)
  File "C:\Users\kores\PycharmProjects\NewSite\NewsSite\venv\Lib\site-packages\django\urls\resolvers.py", line 831, in _reverse_with_prefix
    raise NoReverseMatch(msg)
django.urls.exceptions.NoReverseMatch: Reverse for 'set_language' not found. 'set_language' is not a valid view function or pattern name.
2025-08-06 12:46:49 ERROR "GET /news/news/ HTTP/1.1" 500 149095 C:\Users\kores\PycharmProjects\NewSite\NewsSite\venv\Lib\site-packages\django\core\servers\basehttp.py
None
2025-08-06 12:46:51 ERROR Internal Server Error: /news/news/ C:\Users\kores\PycharmProjects\NewSite\NewsSite\venv\Lib\site-packages\django\utils\log.py
None
Traceback (most recent call last):
  File "C:\Users\kores\PycharmProjects\NewSite\NewsSite\venv\Lib\site-packages\django\core\handlers\exception.py", line 55, in inner
    response = get_response(request)
  File "C:\Users\kores\PycharmProjects\NewSite\NewsSite\venv\Lib\site-packages\django\core\handlers\base.py", line 220, in _get_response
    response = response.render()
  File "C:\Users\kores\PycharmProjects\NewSite\NewsSite\venv\Lib\site-packages\django\template\response.py", line 114, in render
    self.content = self.rendered_content
                   ^^^^^^^^^^^^^^^^^^^^^
  File "C:\Users\kores\PycharmProjects\NewSite\NewsSite\venv\Lib\site-packages\django\template\response.py", line 92, in rendered_content
    return template.render(context, self._request)
           ~~~~~~~~~~~~~~~^^^^^^^^^^^^^^^^^^^^^^^^
  File "C:\Users\kores\PycharmProjects\NewSite\NewsSite\venv\Lib\site-packages\django\template\backends\django.py", line 107, in render
    return self.template.render(context)
           ~~~~~~~~~~~~~~~~~~~~^^^^^^^^^
  File "C:\Users\kores\PycharmProjects\NewSite\NewsSite\venv\Lib\site-packages\django\template\base.py", line 171, in render
    return self._render(context)
           ~~~~~~~~~~~~^^^^^^^^^
  File "C:\Users\kores\PycharmProjects\NewSite\NewsSite\venv\Lib\site-packages\django\template\base.py", line 163, in _render
    return self.nodelist.render(context)
           ~~~~~~~~~~~~~~~~~~~~^^^^^^^^^
  File "C:\Users\kores\PycharmProjects\NewSite\NewsSite\venv\Lib\site-packages\django\template\base.py", line 1016, in render
    return SafeString("".join([node.render_annotated(context) for node in self]))
                               ~~~~~~~~~~~~~~~~~~~~~^^^^^^^^^
  File "C:\Users\kores\PycharmProjects\NewSite\NewsSite\venv\Lib\site-packages\django\template\base.py", line 977, in render_annotated
    return self.render(context)
           ~~~~~~~~~~~^^^^^^^^^
  File "C:\Users\kores\PycharmProjects\NewSite\NewsSite\venv\Lib\site-packages\django\template\loader_tags.py", line 159, in render
    return compiled_parent._render(context)
           ~~~~~~~~~~~~~~~~~~~~~~~^^^^^^^^^
  File "C:\Users\kores\PycharmProjects\NewSite\NewsSite\venv\Lib\site-packages\django\template\base.py", line 163, in _render
    return self.nodelist.render(context)
           ~~~~~~~~~~~~~~~~~~~~^^^^^^^^^
  File "C:\Users\kores\PycharmProjects\NewSite\NewsSite\venv\Lib\site-packages\django\template\base.py", line 1016, in render
    return SafeString("".join([node.render_annotated(context) for node in self]))
                               ~~~~~~~~~~~~~~~~~~~~~^^^^^^^^^
  File "C:\Users\kores\PycharmProjects\NewSite\NewsSite\venv\Lib\site-packages\django\template\base.py", line 977, in render_annotated
    return self.render(context)
           ~~~~~~~~~~~^^^^^^^^^
  File "C:\Users\kores\PycharmProjects\NewSite\NewsSite\venv\Lib\site-packages\django\template\defaulttags.py", line 480, in render
    url = reverse(view_name, args=args, kwargs=kwargs, current_app=current_app)
  File "C:\Users\kores\PycharmProjects\NewSite\NewsSite\venv\Lib\site-packages\django\urls\base.py", line 98, in reverse
    resolved_url = resolver._reverse_with_prefix(view, prefix, *args, **kwargs)
  File "C:\Users\kores\PycharmProjects\NewSite\NewsSite\venv\Lib\site-packages\django\urls\resolvers.py", line 831, in _reverse_with_prefix
    raise NoReverseMatch(msg)
django.urls.exceptions.NoReverseMatch: Reverse for 'set_language' not found. 'set_language' is not a valid view function or pattern name.
2025-08-06 12:46:51 ERROR "GET /news/news/ HTTP/1.1" 500 149095 C:\Users\kores\PycharmProjects\NewSite\NewsSite\venv\Lib\site-packages\django\core\servers\basehttp.py
None
2025-08-06 12:49:33 ERROR Internal Server Error: /news/news/ C:\Users\kores\PycharmProjects\NewSite\NewsSite\venv\Lib\site-packages\django\utils\log.py
None
Traceback (most recent call last):
  File "C:\Users\kores\PycharmProjects\NewSite\NewsSite\venv\Lib\site-packages\django\core\handlers\exception.py", line 55, in inner
    response = get_response(request)
  File "C:\Users\kores\PycharmProjects\NewSite\NewsSite\venv\Lib\site-packages\django\core\handlers\base.py", line 220, in _get_response
    response = response.render()
  File "C:\Users\kores\PycharmProjects\NewSite\NewsSite\venv\Lib\site-packages\django\template\response.py", line 114, in render
    self.content = self.rendered_content
                   ^^^^^^^^^^^^^^^^^^^^^
  File "C:\Users\kores\PycharmProjects\NewSite\NewsSite\venv\Lib\site-packages\django\template\response.py", line 92, in rendered_content
    return template.render(context, self._request)
           ~~~~~~~~~~~~~~~^^^^^^^^^^^^^^^^^^^^^^^^
  File "C:\Users\kores\PycharmProjects\NewSite\NewsSite\venv\Lib\site-packages\django\template\backends\django.py", line 107, in render
    return self.template.render(context)
           ~~~~~~~~~~~~~~~~~~~~^^^^^^^^^
  File "C:\Users\kores\PycharmProjects\NewSite\NewsSite\venv\Lib\site-packages\django\template\base.py", line 171, in render
    return self._render(context)
           ~~~~~~~~~~~~^^^^^^^^^
  File "C:\Users\kores\PycharmProjects\NewSite\NewsSite\venv\Lib\site-packages\django\template\base.py", line 163, in _render
    return self.nodelist.render(context)
           ~~~~~~~~~~~~~~~~~~~~^^^^^^^^^
  File "C:\Users\kores\PycharmProjects\NewSite\NewsSite\venv\Lib\site-packages\django\template\base.py", line 1016, in render
    return SafeString("".join([node.render_annotated(context) for node in self]))
                               ~~~~~~~~~~~~~~~~~~~~~^^^^^^^^^
  File "C:\Users\kores\PycharmProjects\NewSite\NewsSite\venv\Lib\site-packages\django\template\base.py", line 977, in render_annotated
    return self.render(context)
           ~~~~~~~~~~~^^^^^^^^^
  File "C:\Users\kores\PycharmProjects\NewSite\NewsSite\venv\Lib\site-packages\django\template\loader_tags.py", line 159, in render
    return compiled_parent._render(context)
           ~~~~~~~~~~~~~~~~~~~~~~~^^^^^^^^^
  File "C:\Users\kores\PycharmProjects\NewSite\NewsSite\venv\Lib\site-packages\django\template\base.py", line 163, in _render
    return self.nodelist.render(context)
           ~~~~~~~~~~~~~~~~~~~~^^^^^^^^^
  File "C:\Users\kores\PycharmProjects\NewSite\NewsSite\venv\Lib\site-packages\django\template\base.py", line 1016, in render
    return SafeString("".join([node.render_annotated(context) for node in self]))
                               ~~~~~~~~~~~~~~~~~~~~~^^^^^^^^^
  File "C:\Users\kores\PycharmProjects\NewSite\NewsSite\venv\Lib\site-packages\django\template\base.py", line 977, in render_annotated
    return self.render(context)
           ~~~~~~~~~~~^^^^^^^^^
  File "C:\Users\kores\PycharmProjects\NewSite\NewsSite\venv\Lib\site-packages\django\template\defaulttags.py", line 480, in render
    url = reverse(view_name, args=args, kwargs=kwargs, current_app=current_app)
  File "C:\Users\kores\PycharmProjects\NewSite\NewsSite\venv\Lib\site-packages\django\urls\base.py", line 98, in reverse
    resolved_url = resolver._reverse_with_prefix(view, prefix, *args, **kwargs)
  File "C:\Users\kores\PycharmProjects\NewSite\NewsSite\venv\Lib\site-packages\django\urls\resolvers.py", line 831, in _reverse_with_prefix
    raise NoReverseMatch(msg)
django.urls.exceptions.NoReverseMatch: Reverse for 'set_language' not found. 'set_language' is not a valid view function or pattern name.
2025-08-06 12:49:33 ERROR "GET /news/news/ HTTP/1.1" 500 148958 C:\Users\kores\PycharmProjects\NewSite\NewsSite\venv\Lib\site-packages\django\core\servers\basehttp.py
None
2025-08-06 12:52:05 ERROR Internal Server Error: /news/news/ C:\Users\kores\PycharmProjects\NewSite\NewsSite\venv\Lib\site-packages\django\utils\log.py
None
Traceback (most recent call last):
  File "C:\Users\kores\PycharmProjects\NewSite\NewsSite\venv\Lib\site-packages\django\core\handlers\exception.py", line 55, in inner
    response = get_response(request)
  File "C:\Users\kores\PycharmProjects\NewSite\NewsSite\venv\Lib\site-packages\django\core\handlers\base.py", line 220, in _get_response
    response = response.render()
  File "C:\Users\kores\PycharmProjects\NewSite\NewsSite\venv\Lib\site-packages\django\template\response.py", line 114, in render
    self.content = self.rendered_content
                   ^^^^^^^^^^^^^^^^^^^^^
  File "C:\Users\kores\PycharmProjects\NewSite\NewsSite\venv\Lib\site-packages\django\template\response.py", line 92, in rendered_content
    return template.render(context, self._request)
           ~~~~~~~~~~~~~~~^^^^^^^^^^^^^^^^^^^^^^^^
  File "C:\Users\kores\PycharmProjects\NewSite\NewsSite\venv\Lib\site-packages\django\template\backends\django.py", line 107, in render
    return self.template.render(context)
           ~~~~~~~~~~~~~~~~~~~~^^^^^^^^^
  File "C:\Users\kores\PycharmProjects\NewSite\NewsSite\venv\Lib\site-packages\django\template\base.py", line 171, in render
    return self._render(context)
           ~~~~~~~~~~~~^^^^^^^^^
  File "C:\Users\kores\PycharmProjects\NewSite\NewsSite\venv\Lib\site-packages\django\template\base.py", line 163, in _render
    return self.nodelist.render(context)
           ~~~~~~~~~~~~~~~~~~~~^^^^^^^^^
  File "C:\Users\kores\PycharmProjects\NewSite\NewsSite\venv\Lib\site-packages\django\template\base.py", line 1016, in render
    return SafeString("".join([node.render_annotated(context) for node in self]))
                               ~~~~~~~~~~~~~~~~~~~~~^^^^^^^^^
  File "C:\Users\kores\PycharmProjects\NewSite\NewsSite\venv\Lib\site-packages\django\template\base.py", line 977, in render_annotated
    return self.render(context)
           ~~~~~~~~~~~^^^^^^^^^
  File "C:\Users\kores\PycharmProjects\NewSite\NewsSite\venv\Lib\site-packages\django\template\loader_tags.py", line 159, in render
    return compiled_parent._render(context)
           ~~~~~~~~~~~~~~~~~~~~~~~^^^^^^^^^
  File "C:\Users\kores\PycharmProjects\NewSite\NewsSite\venv\Lib\site-packages\django\template\base.py", line 163, in _render
    return self.nodelist.render(context)
           ~~~~~~~~~~~~~~~~~~~~^^^^^^^^^
  File "C:\Users\kores\PycharmProjects\NewSite\NewsSite\venv\Lib\site-packages\django\template\base.py", line 1016, in render
    return SafeString("".join([node.render_annotated(context) for node in self]))
                               ~~~~~~~~~~~~~~~~~~~~~^^^^^^^^^
  File "C:\Users\kores\PycharmProjects\NewSite\NewsSite\venv\Lib\site-packages\django\template\base.py", line 977, in render_annotated
    return self.render(context)
           ~~~~~~~~~~~^^^^^^^^^
  File "C:\Users\kores\PycharmProjects\NewSite\NewsSite\venv\Lib\site-packages\django\template\defaulttags.py", line 480, in render
    url = reverse(view_name, args=args, kwargs=kwargs, current_app=current_app)
  File "C:\Users\kores\PycharmProjects\NewSite\NewsSite\venv\Lib\site-packages\django\urls\base.py", line 98, in reverse
    resolved_url = resolver._reverse_with_prefix(view, prefix, *args, **kwargs)
  File "C:\Users\kores\PycharmProjects\NewSite\NewsSite\venv\Lib\site-packages\django\urls\resolvers.py", line 831, in _reverse_with_prefix
    raise NoReverseMatch(msg)
django.urls.exceptions.NoReverseMatch: Reverse for 'set_language' not found. 'set_language' is not a valid view function or pattern name.
2025-08-06 12:52:05 ERROR "GET /news/news/ HTTP/1.1" 500 149357 C:\Users\kores\PycharmProjects\NewSite\NewsSite\venv\Lib\site-packages\django\core\servers\basehttp.py
None
2025-08-06 12:52:06 ERROR Internal Server Error: /news/news/ C:\Users\kores\PycharmProjects\NewSite\NewsSite\venv\Lib\site-packages\django\utils\log.py
None
Traceback (most recent call last):
  File "C:\Users\kores\PycharmProjects\NewSite\NewsSite\venv\Lib\site-packages\django\core\handlers\exception.py", line 55, in inner
    response = get_response(request)
  File "C:\Users\kores\PycharmProjects\NewSite\NewsSite\venv\Lib\site-packages\django\core\handlers\base.py", line 220, in _get_response
    response = response.render()
  File "C:\Users\kores\PycharmProjects\NewSite\NewsSite\venv\Lib\site-packages\django\template\response.py", line 114, in render
    self.content = self.rendered_content
                   ^^^^^^^^^^^^^^^^^^^^^
  File "C:\Users\kores\PycharmProjects\NewSite\NewsSite\venv\Lib\site-packages\django\template\response.py", line 92, in rendered_content
    return template.render(context, self._request)
           ~~~~~~~~~~~~~~~^^^^^^^^^^^^^^^^^^^^^^^^
  File "C:\Users\kores\PycharmProjects\NewSite\NewsSite\venv\Lib\site-packages\django\template\backends\django.py", line 107, in render
    return self.template.render(context)
           ~~~~~~~~~~~~~~~~~~~~^^^^^^^^^
  File "C:\Users\kores\PycharmProjects\NewSite\NewsSite\venv\Lib\site-packages\django\template\base.py", line 171, in render
    return self._render(context)
           ~~~~~~~~~~~~^^^^^^^^^
  File "C:\Users\kores\PycharmProjects\NewSite\NewsSite\venv\Lib\site-packages\django\template\base.py", line 163, in _render
    return self.nodelist.render(context)
           ~~~~~~~~~~~~~~~~~~~~^^^^^^^^^
  File "C:\Users\kores\PycharmProjects\NewSite\NewsSite\venv\Lib\site-packages\django\template\base.py", line 1016, in render
    return SafeString("".join([node.render_annotated(context) for node in self]))
                               ~~~~~~~~~~~~~~~~~~~~~^^^^^^^^^
  File "C:\Users\kores\PycharmProjects\NewSite\NewsSite\venv\Lib\site-packages\django\template\base.py", line 977, in render_annotated
    return self.render(context)
           ~~~~~~~~~~~^^^^^^^^^
  File "C:\Users\kores\PycharmProjects\NewSite\NewsSite\venv\Lib\site-packages\django\template\loader_tags.py", line 159, in render
    return compiled_parent._render(context)
           ~~~~~~~~~~~~~~~~~~~~~~~^^^^^^^^^
  File "C:\Users\kores\PycharmProjects\NewSite\NewsSite\venv\Lib\site-packages\django\template\base.py", line 163, in _render
    return self.nodelist.render(context)
           ~~~~~~~~~~~~~~~~~~~~^^^^^^^^^
  File "C:\Users\kores\PycharmProjects\NewSite\NewsSite\venv\Lib\site-packages\django\template\base.py", line 1016, in render
    return SafeString("".join([node.render_annotated(context) for node in self]))
                               ~~~~~~~~~~~~~~~~~~~~~^^^^^^^^^
  File "C:\Users\kores\PycharmProjects\NewSite\NewsSite\venv\Lib\site-packages\django\template\base.py", line 977, in render_annotated
    return self.render(context)
           ~~~~~~~~~~~^^^^^^^^^
  File "C:\Users\kores\PycharmProjects\NewSite\NewsSite\venv\Lib\site-packages\django\template\defaulttags.py", line 480, in render
    url = reverse(view_name, args=args, kwargs=kwargs, current_app=current_app)
  File "C:\Users\kores\PycharmProjects\NewSite\NewsSite\venv\Lib\site-packages\django\urls\base.py", line 98, in reverse
    resolved_url = resolver._reverse_with_prefix(view, prefix, *args, **kwargs)
  File "C:\Users\kores\PycharmProjects\NewSite\NewsSite\venv\Lib\site-packages\django\urls\resolvers.py", line 831, in _reverse_with_prefix
    raise NoReverseMatch(msg)
django.urls.exceptions.NoReverseMatch: Reverse for 'set_language' not found. 'set_language' is not a valid view function or pattern name.
2025-08-06 12:52:06 ERROR "GET /news/news/ HTTP/1.1" 500 149357 C:\Users\kores\PycharmProjects\NewSite\NewsSite\venv\Lib\site-packages\django\core\servers\basehttp.py
None
2025-08-06 12:52:17 ERROR Internal Server Error: /news/news/ C:\Users\kores\PycharmProjects\NewSite\NewsSite\venv\Lib\site-packages\django\utils\log.py
None
Traceback (most recent call last):
  File "C:\Users\kores\PycharmProjects\NewSite\NewsSite\venv\Lib\site-packages\django\core\handlers\exception.py", line 55, in inner
    response = get_response(request)
  File "C:\Users\kores\PycharmProjects\NewSite\NewsSite\venv\Lib\site-packages\django\core\handlers\base.py", line 220, in _get_response
    response = response.render()
  File "C:\Users\kores\PycharmProjects\NewSite\NewsSite\venv\Lib\site-packages\django\template\response.py", line 114, in render
    self.content = self.rendered_content
                   ^^^^^^^^^^^^^^^^^^^^^
  File "C:\Users\kores\PycharmProjects\NewSite\NewsSite\venv\Lib\site-packages\django\template\response.py", line 92, in rendered_content
    return template.render(context, self._request)
           ~~~~~~~~~~~~~~~^^^^^^^^^^^^^^^^^^^^^^^^
  File "C:\Users\kores\PycharmProjects\NewSite\NewsSite\venv\Lib\site-packages\django\template\backends\django.py", line 107, in render
    return self.template.render(context)
           ~~~~~~~~~~~~~~~~~~~~^^^^^^^^^
  File "C:\Users\kores\PycharmProjects\NewSite\NewsSite\venv\Lib\site-packages\django\template\base.py", line 171, in render
    return self._render(context)
           ~~~~~~~~~~~~^^^^^^^^^
  File "C:\Users\kores\PycharmProjects\NewSite\NewsSite\venv\Lib\site-packages\django\template\base.py", line 163, in _render
    return self.nodelist.render(context)
           ~~~~~~~~~~~~~~~~~~~~^^^^^^^^^
  File "C:\Users\kores\PycharmProjects\NewSite\NewsSite\venv\Lib\site-packages\django\template\base.py", line 1016, in render
    return SafeString("".join([node.render_annotated(context) for node in self]))
                               ~~~~~~~~~~~~~~~~~~~~~^^^^^^^^^
  File "C:\Users\kores\PycharmProjects\NewSite\NewsSite\venv\Lib\site-packages\django\template\base.py", line 977, in render_annotated
    return self.render(context)
           ~~~~~~~~~~~^^^^^^^^^
  File "C:\Users\kores\PycharmProjects\NewSite\NewsSite\venv\Lib\site-packages\django\template\loader_tags.py", line 159, in render
    return compiled_parent._render(context)
           ~~~~~~~~~~~~~~~~~~~~~~~^^^^^^^^^
  File "C:\Users\kores\PycharmProjects\NewSite\NewsSite\venv\Lib\site-packages\django\template\base.py", line 163, in _render
    return self.nodelist.render(context)
           ~~~~~~~~~~~~~~~~~~~~^^^^^^^^^
  File "C:\Users\kores\PycharmProjects\NewSite\NewsSite\venv\Lib\site-packages\django\template\base.py", line 1016, in render
    return SafeString("".join([node.render_annotated(context) for node in self]))
                               ~~~~~~~~~~~~~~~~~~~~~^^^^^^^^^
  File "C:\Users\kores\PycharmProjects\NewSite\NewsSite\venv\Lib\site-packages\django\template\base.py", line 977, in render_annotated
    return self.render(context)
           ~~~~~~~~~~~^^^^^^^^^
  File "C:\Users\kores\PycharmProjects\NewSite\NewsSite\venv\Lib\site-packages\django\template\defaulttags.py", line 480, in render
    url = reverse(view_name, args=args, kwargs=kwargs, current_app=current_app)
  File "C:\Users\kores\PycharmProjects\NewSite\NewsSite\venv\Lib\site-packages\django\urls\base.py", line 98, in reverse
    resolved_url = resolver._reverse_with_prefix(view, prefix, *args, **kwargs)
  File "C:\Users\kores\PycharmProjects\NewSite\NewsSite\venv\Lib\site-packages\django\urls\resolvers.py", line 831, in _reverse_with_prefix
    raise NoReverseMatch(msg)
django.urls.exceptions.NoReverseMatch: Reverse for 'set_language' not found. 'set_language' is not a valid view function or pattern name.
2025-08-06 12:52:17 ERROR "GET /news/news/ HTTP/1.1" 500 149220 C:\Users\kores\PycharmProjects\NewSite\NewsSite\venv\Lib\site-packages\django\core\servers\basehttp.py
None
2025-08-06 13:27:35 ERROR Internal Server Error: /accounts/3rdparty/ C:\Users\kores\PycharmProjects\NewSite\NewsSite\venv\Lib\site-packages\django\utils\log.py
None
Traceback (most recent call last):
  File "C:\Users\kores\PycharmProjects\NewSite\NewsSite\venv\Lib\site-packages\django\core\handlers\exception.py", line 55, in inner
    response = get_response(request)
  File "C:\Users\kores\PycharmProjects\NewSite\NewsSite\venv\Lib\site-packages\django\core\handlers\base.py", line 220, in _get_response
    response = response.render()
  File "C:\Users\kores\PycharmProjects\NewSite\NewsSite\venv\Lib\site-packages\django\template\response.py", line 114, in render
    self.content = self.rendered_content
                   ^^^^^^^^^^^^^^^^^^^^^
  File "C:\Users\kores\PycharmProjects\NewSite\NewsSite\venv\Lib\site-packages\django\template\response.py", line 92, in rendered_content
    return template.render(context, self._request)
           ~~~~~~~~~~~~~~~^^^^^^^^^^^^^^^^^^^^^^^^
  File "C:\Users\kores\PycharmProjects\NewSite\NewsSite\venv\Lib\site-packages\django\template\backends\django.py", line 107, in render
    return self.template.render(context)
           ~~~~~~~~~~~~~~~~~~~~^^^^^^^^^
  File "C:\Users\kores\PycharmProjects\NewSite\NewsSite\venv\Lib\site-packages\django\template\base.py", line 171, in render
    return self._render(context)
           ~~~~~~~~~~~~^^^^^^^^^
  File "C:\Users\kores\PycharmProjects\NewSite\NewsSite\venv\Lib\site-packages\django\template\base.py", line 163, in _render
    return self.nodelist.render(context)
           ~~~~~~~~~~~~~~~~~~~~^^^^^^^^^
  File "C:\Users\kores\PycharmProjects\NewSite\NewsSite\venv\Lib\site-packages\django\template\base.py", line 1016, in render
    return SafeString("".join([node.render_annotated(context) for node in self]))
                               ~~~~~~~~~~~~~~~~~~~~~^^^^^^^^^
  File "C:\Users\kores\PycharmProjects\NewSite\NewsSite\venv\Lib\site-packages\django\template\base.py", line 977, in render_annotated
    return self.render(context)
           ~~~~~~~~~~~^^^^^^^^^
  File "C:\Users\kores\PycharmProjects\NewSite\NewsSite\venv\Lib\site-packages\django\template\loader_tags.py", line 159, in render
    return compiled_parent._render(context)
           ~~~~~~~~~~~~~~~~~~~~~~~^^^^^^^^^
  File "C:\Users\kores\PycharmProjects\NewSite\NewsSite\venv\Lib\site-packages\django\template\base.py", line 163, in _render
    return self.nodelist.render(context)
           ~~~~~~~~~~~~~~~~~~~~^^^^^^^^^
  File "C:\Users\kores\PycharmProjects\NewSite\NewsSite\venv\Lib\site-packages\django\template\base.py", line 1016, in render
    return SafeString("".join([node.render_annotated(context) for node in self]))
                               ~~~~~~~~~~~~~~~~~~~~~^^^^^^^^^
  File "C:\Users\kores\PycharmProjects\NewSite\NewsSite\venv\Lib\site-packages\django\template\base.py", line 977, in render_annotated
    return self.render(context)
           ~~~~~~~~~~~^^^^^^^^^
  File "C:\Users\kores\PycharmProjects\NewSite\NewsSite\venv\Lib\site-packages\django\template\loader_tags.py", line 159, in render
    return compiled_parent._render(context)
           ~~~~~~~~~~~~~~~~~~~~~~~^^^^^^^^^
  File "C:\Users\kores\PycharmProjects\NewSite\NewsSite\venv\Lib\site-packages\django\template\base.py", line 163, in _render
    return self.nodelist.render(context)
           ~~~~~~~~~~~~~~~~~~~~^^^^^^^^^
  File "C:\Users\kores\PycharmProjects\NewSite\NewsSite\venv\Lib\site-packages\django\template\base.py", line 1016, in render
    return SafeString("".join([node.render_annotated(context) for node in self]))
                               ~~~~~~~~~~~~~~~~~~~~~^^^^^^^^^
  File "C:\Users\kores\PycharmProjects\NewSite\NewsSite\venv\Lib\site-packages\django\template\base.py", line 977, in render_annotated
    return self.render(context)
           ~~~~~~~~~~~^^^^^^^^^
  File "C:\Users\kores\PycharmProjects\NewSite\NewsSite\venv\Lib\site-packages\django\template\loader_tags.py", line 159, in render
    return compiled_parent._render(context)
           ~~~~~~~~~~~~~~~~~~~~~~~^^^^^^^^^
  File "C:\Users\kores\PycharmProjects\NewSite\NewsSite\venv\Lib\site-packages\django\template\base.py", line 163, in _render
    return self.nodelist.render(context)
           ~~~~~~~~~~~~~~~~~~~~^^^^^^^^^
  File "C:\Users\kores\PycharmProjects\NewSite\NewsSite\venv\Lib\site-packages\django\template\base.py", line 1016, in render
    return SafeString("".join([node.render_annotated(context) for node in self]))
                               ~~~~~~~~~~~~~~~~~~~~~^^^^^^^^^
  File "C:\Users\kores\PycharmProjects\NewSite\NewsSite\venv\Lib\site-packages\django\template\base.py", line 977, in render_annotated
    return self.render(context)
           ~~~~~~~~~~~^^^^^^^^^
  File "C:\Users\kores\PycharmProjects\NewSite\NewsSite\venv\Lib\site-packages\django\template\loader_tags.py", line 65, in render
    result = block.nodelist.render(context)
  File "C:\Users\kores\PycharmProjects\NewSite\NewsSite\venv\Lib\site-packages\django\template\base.py", line 1016, in render
    return SafeString("".join([node.render_annotated(context) for node in self]))
                               ~~~~~~~~~~~~~~~~~~~~~^^^^^^^^^
  File "C:\Users\kores\PycharmProjects\NewSite\NewsSite\venv\Lib\site-packages\django\template\base.py", line 977, in render_annotated
    return self.render(context)
           ~~~~~~~~~~~^^^^^^^^^
  File "C:\Users\kores\PycharmProjects\NewSite\NewsSite\venv\Lib\site-packages\django\template\loader_tags.py", line 65, in render
    result = block.nodelist.render(context)
  File "C:\Users\kores\PycharmProjects\NewSite\NewsSite\venv\Lib\site-packages\django\template\base.py", line 1016, in render
    return SafeString("".join([node.render_annotated(context) for node in self]))
                               ~~~~~~~~~~~~~~~~~~~~~^^^^^^^^^
  File "C:\Users\kores\PycharmProjects\NewSite\NewsSite\venv\Lib\site-packages\django\template\base.py", line 977, in render_annotated
    return self.render(context)
           ~~~~~~~~~~~^^^^^^^^^
  File "C:\Users\kores\PycharmProjects\NewSite\NewsSite\venv\Lib\site-packages\django\template\defaulttags.py", line 327, in render
    return nodelist.render(context)
           ~~~~~~~~~~~~~~~^^^^^^^^^
  File "C:\Users\kores\PycharmProjects\NewSite\NewsSite\venv\Lib\site-packages\django\template\base.py", line 1016, in render
    return SafeString("".join([node.render_annotated(context) for node in self]))
                               ~~~~~~~~~~~~~~~~~~~~~^^^^^^^^^
  File "C:\Users\kores\PycharmProjects\NewSite\NewsSite\venv\Lib\site-packages\django\template\base.py", line 977, in render_annotated
    return self.render(context)
           ~~~~~~~~~~~^^^^^^^^^
  File "C:\Users\kores\PycharmProjects\NewSite\NewsSite\venv\Lib\site-packages\allauth\templatetags\allauth.py", line 107, in render
    slots["default"] = [self.nodelist.render(context)]
                        ~~~~~~~~~~~~~~~~~~~~^^^^^^^^^
  File "C:\Users\kores\PycharmProjects\NewSite\NewsSite\venv\Lib\site-packages\django\template\base.py", line 1016, in render
    return SafeString("".join([node.render_annotated(context) for node in self]))
                               ~~~~~~~~~~~~~~~~~~~~~^^^^^^^^^
  File "C:\Users\kores\PycharmProjects\NewSite\NewsSite\venv\Lib\site-packages\django\template\base.py", line 977, in render_annotated
    return self.render(context)
           ~~~~~~~~~~~^^^^^^^^^
  File "C:\Users\kores\PycharmProjects\NewSite\NewsSite\venv\Lib\site-packages\allauth\templatetags\allauth.py", line 56, in render
    result = self.nodelist.render(context)
  File "C:\Users\kores\PycharmProjects\NewSite\NewsSite\venv\Lib\site-packages\django\template\base.py", line 1016, in render
    return SafeString("".join([node.render_annotated(context) for node in self]))
                               ~~~~~~~~~~~~~~~~~~~~~^^^^^^^^^
  File "C:\Users\kores\PycharmProjects\NewSite\NewsSite\venv\Lib\site-packages\django\template\base.py", line 977, in render_annotated
    return self.render(context)
           ~~~~~~~~~~~^^^^^^^^^
  File "C:\Users\kores\PycharmProjects\NewSite\NewsSite\venv\Lib\site-packages\django\template\defaulttags.py", line 243, in render
    nodelist.append(node.render_annotated(context))
                    ~~~~~~~~~~~~~~~~~~~~~^^^^^^^^^
  File "C:\Users\kores\PycharmProjects\NewSite\NewsSite\venv\Lib\site-packages\django\template\base.py", line 977, in render_annotated
    return self.render(context)
           ~~~~~~~~~~~^^^^^^^^^
  File "C:\Users\kores\PycharmProjects\NewSite\NewsSite\venv\Lib\site-packages\django\template\defaulttags.py", line 548, in render
    values = {key: val.resolve(context) for key, val in self.extra_context.items()}
                   ~~~~~~~~~~~^^^^^^^^^
  File "C:\Users\kores\PycharmProjects\NewSite\NewsSite\venv\Lib\site-packages\django\template\base.py", line 722, in resolve
    obj = self.var.resolve(context)
  File "C:\Users\kores\PycharmProjects\NewSite\NewsSite\venv\Lib\site-packages\django\template\base.py", line 854, in resolve
    value = self._resolve_lookup(context)
  File "C:\Users\kores\PycharmProjects\NewSite\NewsSite\venv\Lib\site-packages\django\template\base.py", line 925, in _resolve_lookup
    current = current()
  File "C:\Users\kores\PycharmProjects\NewSite\NewsSite\venv\Lib\site-packages\allauth\socialaccount\models.py", line 153, in get_provider_account
    return self.get_provider().wrap_account(self)
           ~~~~~~~~~~~~~~~~~^^
  File "C:\Users\kores\PycharmProjects\NewSite\NewsSite\venv\Lib\site-packages\allauth\socialaccount\models.py", line 147, in get_provider
    provider = self._provider = adapter.get_provider(
                                ~~~~~~~~~~~~~~~~~~~~^
        request or context.request, provider=self.provider
        ^^^^^^^^^^^^^^^^^^^^^^^^^^^^^^^^^^^^^^^^^^^^^^^^^^
    )
    ^
  File "C:\Users\kores\PycharmProjects\NewSite\NewsSite\venv\Lib\site-packages\allauth\socialaccount\adapter.py", line 213, in get_provider
    app = self.get_app(request, provider=provider, client_id=client_id)
  File "C:\Users\kores\PycharmProjects\NewSite\NewsSite\venv\Lib\site-packages\allauth\socialaccount\adapter.py", line 300, in get_app
    raise MultipleObjectsReturned
django.core.exceptions.MultipleObjectsReturned
2025-08-06 13:27:35 ERROR "GET /accounts/3rdparty/ HTTP/1.1" 500 281135 C:\Users\kores\PycharmProjects\NewSite\NewsSite\venv\Lib\site-packages\django\core\servers\basehttp.py
None
2025-08-06 13:31:07 ERROR Internal Server Error: /accounts/3rdparty/ C:\Users\kores\PycharmProjects\NewSite\NewsSite\venv\Lib\site-packages\django\utils\log.py
None
Traceback (most recent call last):
  File "C:\Users\kores\PycharmProjects\NewSite\NewsSite\venv\Lib\site-packages\django\template\base.py", line 510, in parse
    compile_func = self.tags[command]
                   ~~~~~~~~~^^^^^^^^^
KeyError: 'icon'

During handling of the above exception, another exception occurred:

Traceback (most recent call last):
  File "C:\Users\kores\PycharmProjects\NewSite\NewsSite\venv\Lib\site-packages\django\core\handlers\exception.py", line 55, in inner
    response = get_response(request)
  File "C:\Users\kores\PycharmProjects\NewSite\NewsSite\venv\Lib\site-packages\django\core\handlers\base.py", line 220, in _get_response
    response = response.render()
  File "C:\Users\kores\PycharmProjects\NewSite\NewsSite\venv\Lib\site-packages\django\template\response.py", line 114, in render
    self.content = self.rendered_content
                   ^^^^^^^^^^^^^^^^^^^^^
  File "C:\Users\kores\PycharmProjects\NewSite\NewsSite\venv\Lib\site-packages\django\template\response.py", line 90, in rendered_content
    template = self.resolve_template(self.template_name)
  File "C:\Users\kores\PycharmProjects\NewSite\NewsSite\venv\Lib\site-packages\django\template\response.py", line 72, in resolve_template
    return select_template(template, using=self.using)
  File "C:\Users\kores\PycharmProjects\NewSite\NewsSite\venv\Lib\site-packages\django\template\loader.py", line 42, in select_template
    return engine.get_template(template_name)
           ~~~~~~~~~~~~~~~~~~~^^^^^^^^^^^^^^^
  File "C:\Users\kores\PycharmProjects\NewSite\NewsSite\venv\Lib\site-packages\django\template\backends\django.py", line 79, in get_template
    return Template(self.engine.get_template(template_name), self)
                    ~~~~~~~~~~~~~~~~~~~~~~~~^^^^^^^^^^^^^^^
  File "C:\Users\kores\PycharmProjects\NewSite\NewsSite\venv\Lib\site-packages\django\template\engine.py", line 177, in get_template
    template, origin = self.find_template(template_name)
                       ~~~~~~~~~~~~~~~~~~^^^^^^^^^^^^^^^
  File "C:\Users\kores\PycharmProjects\NewSite\NewsSite\venv\Lib\site-packages\django\template\engine.py", line 159, in find_template
    template = loader.get_template(name, skip=skip)
  File "C:\Users\kores\PycharmProjects\NewSite\NewsSite\venv\Lib\site-packages\django\template\loaders\cached.py", line 57, in get_template
    template = super().get_template(template_name, skip)
  File "C:\Users\kores\PycharmProjects\NewSite\NewsSite\venv\Lib\site-packages\django\template\loaders\base.py", line 28, in get_template
    return Template(
        contents,
    ...<2 lines>...
        self.engine,
    )
  File "C:\Users\kores\PycharmProjects\NewSite\NewsSite\venv\Lib\site-packages\django\template\base.py", line 154, in __init__
    self.nodelist = self.compile_nodelist()
                    ~~~~~~~~~~~~~~~~~~~~~^^
  File "C:\Users\kores\PycharmProjects\NewSite\NewsSite\venv\Lib\site-packages\django\template\base.py", line 196, in compile_nodelist
    nodelist = parser.parse()
  File "C:\Users\kores\PycharmProjects\NewSite\NewsSite\venv\Lib\site-packages\django\template\base.py", line 518, in parse
    raise self.error(token, e)
  File "C:\Users\kores\PycharmProjects\NewSite\NewsSite\venv\Lib\site-packages\django\template\base.py", line 516, in parse
    compiled_result = compile_func(self, token)
  File "C:\Users\kores\PycharmProjects\NewSite\NewsSite\venv\Lib\site-packages\django\template\loader_tags.py", line 299, in do_extends
    nodelist = parser.parse()
  File "C:\Users\kores\PycharmProjects\NewSite\NewsSite\venv\Lib\site-packages\django\template\base.py", line 518, in parse
    raise self.error(token, e)
  File "C:\Users\kores\PycharmProjects\NewSite\NewsSite\venv\Lib\site-packages\django\template\base.py", line 516, in parse
    compiled_result = compile_func(self, token)
  File "C:\Users\kores\PycharmProjects\NewSite\NewsSite\venv\Lib\site-packages\django\template\loader_tags.py", line 234, in do_block
    nodelist = parser.parse(("endblock",))
  File "C:\Users\kores\PycharmProjects\NewSite\NewsSite\venv\Lib\site-packages\django\template\base.py", line 518, in parse
    raise self.error(token, e)
  File "C:\Users\kores\PycharmProjects\NewSite\NewsSite\venv\Lib\site-packages\django\template\base.py", line 516, in parse
    compiled_result = compile_func(self, token)
  File "C:\Users\kores\PycharmProjects\NewSite\NewsSite\venv\Lib\site-packages\django\template\defaulttags.py", line 962, in do_if
    nodelist = parser.parse(("elif", "else", "endif"))
  File "C:\Users\kores\PycharmProjects\NewSite\NewsSite\venv\Lib\site-packages\django\template\base.py", line 518, in parse
    raise self.error(token, e)
  File "C:\Users\kores\PycharmProjects\NewSite\NewsSite\venv\Lib\site-packages\django\template\base.py", line 516, in parse
    compiled_result = compile_func(self, token)
  File "C:\Users\kores\PycharmProjects\NewSite\NewsSite\venv\Lib\site-packages\django\template\defaulttags.py", line 862, in do_for
    nodelist_loop = parser.parse(
        (
    ...<2 lines>...
        )
    )
  File "C:\Users\kores\PycharmProjects\NewSite\NewsSite\venv\Lib\site-packages\django\template\base.py", line 518, in parse
    raise self.error(token, e)
  File "C:\Users\kores\PycharmProjects\NewSite\NewsSite\venv\Lib\site-packages\django\template\base.py", line 516, in parse
    compiled_result = compile_func(self, token)
  File "C:\Users\kores\PycharmProjects\NewSite\NewsSite\venv\Lib\site-packages\django\template\defaulttags.py", line 1540, in do_with
    nodelist = parser.parse(("endwith",))
  File "C:\Users\kores\PycharmProjects\NewSite\NewsSite\venv\Lib\site-packages\django\template\base.py", line 518, in parse
    raise self.error(token, e)
  File "C:\Users\kores\PycharmProjects\NewSite\NewsSite\venv\Lib\site-packages\django\template\base.py", line 516, in parse
    compiled_result = compile_func(self, token)
  File "C:\Users\kores\PycharmProjects\NewSite\NewsSite\venv\Lib\site-packages\django\template\defaulttags.py", line 1540, in do_with
    nodelist = parser.parse(("endwith",))
  File "C:\Users\kores\PycharmProjects\NewSite\NewsSite\venv\Lib\site-packages\django\template\base.py", line 518, in parse
    raise self.error(token, e)
  File "C:\Users\kores\PycharmProjects\NewSite\NewsSite\venv\Lib\site-packages\django\template\base.py", line 516, in parse
    compiled_result = compile_func(self, token)
  File "C:\Users\kores\PycharmProjects\NewSite\NewsSite\venv\Lib\site-packages\django\template\defaulttags.py", line 1540, in do_with
    nodelist = parser.parse(("endwith",))
  File "C:\Users\kores\PycharmProjects\NewSite\NewsSite\venv\Lib\site-packages\django\template\base.py", line 512, in parse
    self.invalid_block_tag(token, command, parse_until)
    ~~~~~~~~~~~~~~~~~~~~~~^^^^^^^^^^^^^^^^^^^^^^^^^^^^^
  File "C:\Users\kores\PycharmProjects\NewSite\NewsSite\venv\Lib\site-packages\django\template\base.py", line 567, in invalid_block_tag
    raise self.error(
    ...<8 lines>...
    )
django.template.exceptions.TemplateSyntaxError: Invalid block tag on line 23: 'icon', expected 'endwith'. Did you forget to register or load this tag?
2025-08-06 13:31:07 ERROR "GET /accounts/3rdparty/ HTTP/1.1" 500 291486 C:\Users\kores\PycharmProjects\NewSite\NewsSite\venv\Lib\site-packages\django\core\servers\basehttp.py
None
2025-08-06 13:31:08 ERROR Internal Server Error: /accounts/3rdparty/ C:\Users\kores\PycharmProjects\NewSite\NewsSite\venv\Lib\site-packages\django\utils\log.py
None
Traceback (most recent call last):
  File "C:\Users\kores\PycharmProjects\NewSite\NewsSite\venv\Lib\site-packages\django\template\base.py", line 510, in parse
    compile_func = self.tags[command]
                   ~~~~~~~~~^^^^^^^^^
KeyError: 'icon'

During handling of the above exception, another exception occurred:

Traceback (most recent call last):
  File "C:\Users\kores\PycharmProjects\NewSite\NewsSite\venv\Lib\site-packages\django\core\handlers\exception.py", line 55, in inner
    response = get_response(request)
  File "C:\Users\kores\PycharmProjects\NewSite\NewsSite\venv\Lib\site-packages\django\core\handlers\base.py", line 220, in _get_response
    response = response.render()
  File "C:\Users\kores\PycharmProjects\NewSite\NewsSite\venv\Lib\site-packages\django\template\response.py", line 114, in render
    self.content = self.rendered_content
                   ^^^^^^^^^^^^^^^^^^^^^
  File "C:\Users\kores\PycharmProjects\NewSite\NewsSite\venv\Lib\site-packages\django\template\response.py", line 90, in rendered_content
    template = self.resolve_template(self.template_name)
  File "C:\Users\kores\PycharmProjects\NewSite\NewsSite\venv\Lib\site-packages\django\template\response.py", line 72, in resolve_template
    return select_template(template, using=self.using)
  File "C:\Users\kores\PycharmProjects\NewSite\NewsSite\venv\Lib\site-packages\django\template\loader.py", line 42, in select_template
    return engine.get_template(template_name)
           ~~~~~~~~~~~~~~~~~~~^^^^^^^^^^^^^^^
  File "C:\Users\kores\PycharmProjects\NewSite\NewsSite\venv\Lib\site-packages\django\template\backends\django.py", line 79, in get_template
    return Template(self.engine.get_template(template_name), self)
                    ~~~~~~~~~~~~~~~~~~~~~~~~^^^^^^^^^^^^^^^
  File "C:\Users\kores\PycharmProjects\NewSite\NewsSite\venv\Lib\site-packages\django\template\engine.py", line 177, in get_template
    template, origin = self.find_template(template_name)
                       ~~~~~~~~~~~~~~~~~~^^^^^^^^^^^^^^^
  File "C:\Users\kores\PycharmProjects\NewSite\NewsSite\venv\Lib\site-packages\django\template\engine.py", line 159, in find_template
    template = loader.get_template(name, skip=skip)
  File "C:\Users\kores\PycharmProjects\NewSite\NewsSite\venv\Lib\site-packages\django\template\loaders\cached.py", line 57, in get_template
    template = super().get_template(template_name, skip)
  File "C:\Users\kores\PycharmProjects\NewSite\NewsSite\venv\Lib\site-packages\django\template\loaders\base.py", line 28, in get_template
    return Template(
        contents,
    ...<2 lines>...
        self.engine,
    )
  File "C:\Users\kores\PycharmProjects\NewSite\NewsSite\venv\Lib\site-packages\django\template\base.py", line 154, in __init__
    self.nodelist = self.compile_nodelist()
                    ~~~~~~~~~~~~~~~~~~~~~^^
  File "C:\Users\kores\PycharmProjects\NewSite\NewsSite\venv\Lib\site-packages\django\template\base.py", line 196, in compile_nodelist
    nodelist = parser.parse()
  File "C:\Users\kores\PycharmProjects\NewSite\NewsSite\venv\Lib\site-packages\django\template\base.py", line 518, in parse
    raise self.error(token, e)
  File "C:\Users\kores\PycharmProjects\NewSite\NewsSite\venv\Lib\site-packages\django\template\base.py", line 516, in parse
    compiled_result = compile_func(self, token)
  File "C:\Users\kores\PycharmProjects\NewSite\NewsSite\venv\Lib\site-packages\django\template\loader_tags.py", line 299, in do_extends
    nodelist = parser.parse()
  File "C:\Users\kores\PycharmProjects\NewSite\NewsSite\venv\Lib\site-packages\django\template\base.py", line 518, in parse
    raise self.error(token, e)
  File "C:\Users\kores\PycharmProjects\NewSite\NewsSite\venv\Lib\site-packages\django\template\base.py", line 516, in parse
    compiled_result = compile_func(self, token)
  File "C:\Users\kores\PycharmProjects\NewSite\NewsSite\venv\Lib\site-packages\django\template\loader_tags.py", line 234, in do_block
    nodelist = parser.parse(("endblock",))
  File "C:\Users\kores\PycharmProjects\NewSite\NewsSite\venv\Lib\site-packages\django\template\base.py", line 518, in parse
    raise self.error(token, e)
  File "C:\Users\kores\PycharmProjects\NewSite\NewsSite\venv\Lib\site-packages\django\template\base.py", line 516, in parse
    compiled_result = compile_func(self, token)
  File "C:\Users\kores\PycharmProjects\NewSite\NewsSite\venv\Lib\site-packages\django\template\defaulttags.py", line 962, in do_if
    nodelist = parser.parse(("elif", "else", "endif"))
  File "C:\Users\kores\PycharmProjects\NewSite\NewsSite\venv\Lib\site-packages\django\template\base.py", line 518, in parse
    raise self.error(token, e)
  File "C:\Users\kores\PycharmProjects\NewSite\NewsSite\venv\Lib\site-packages\django\template\base.py", line 516, in parse
    compiled_result = compile_func(self, token)
  File "C:\Users\kores\PycharmProjects\NewSite\NewsSite\venv\Lib\site-packages\django\template\defaulttags.py", line 862, in do_for
    nodelist_loop = parser.parse(
        (
    ...<2 lines>...
        )
    )
  File "C:\Users\kores\PycharmProjects\NewSite\NewsSite\venv\Lib\site-packages\django\template\base.py", line 518, in parse
    raise self.error(token, e)
  File "C:\Users\kores\PycharmProjects\NewSite\NewsSite\venv\Lib\site-packages\django\template\base.py", line 516, in parse
    compiled_result = compile_func(self, token)
  File "C:\Users\kores\PycharmProjects\NewSite\NewsSite\venv\Lib\site-packages\django\template\defaulttags.py", line 1540, in do_with
    nodelist = parser.parse(("endwith",))
  File "C:\Users\kores\PycharmProjects\NewSite\NewsSite\venv\Lib\site-packages\django\template\base.py", line 518, in parse
    raise self.error(token, e)
  File "C:\Users\kores\PycharmProjects\NewSite\NewsSite\venv\Lib\site-packages\django\template\base.py", line 516, in parse
    compiled_result = compile_func(self, token)
  File "C:\Users\kores\PycharmProjects\NewSite\NewsSite\venv\Lib\site-packages\django\template\defaulttags.py", line 1540, in do_with
    nodelist = parser.parse(("endwith",))
  File "C:\Users\kores\PycharmProjects\NewSite\NewsSite\venv\Lib\site-packages\django\template\base.py", line 518, in parse
    raise self.error(token, e)
  File "C:\Users\kores\PycharmProjects\NewSite\NewsSite\venv\Lib\site-packages\django\template\base.py", line 516, in parse
    compiled_result = compile_func(self, token)
  File "C:\Users\kores\PycharmProjects\NewSite\NewsSite\venv\Lib\site-packages\django\template\defaulttags.py", line 1540, in do_with
    nodelist = parser.parse(("endwith",))
  File "C:\Users\kores\PycharmProjects\NewSite\NewsSite\venv\Lib\site-packages\django\template\base.py", line 512, in parse
    self.invalid_block_tag(token, command, parse_until)
    ~~~~~~~~~~~~~~~~~~~~~~^^^^^^^^^^^^^^^^^^^^^^^^^^^^^
  File "C:\Users\kores\PycharmProjects\NewSite\NewsSite\venv\Lib\site-packages\django\template\base.py", line 567, in invalid_block_tag
    raise self.error(
    ...<8 lines>...
    )
django.template.exceptions.TemplateSyntaxError: Invalid block tag on line 23: 'icon', expected 'endwith'. Did you forget to register or load this tag?
2025-08-06 13:31:08 ERROR "GET /accounts/3rdparty/ HTTP/1.1" 500 291486 C:\Users\kores\PycharmProjects\NewSite\NewsSite\venv\Lib\site-packages\django\core\servers\basehttp.py
None
2025-08-06 13:31:10 ERROR Internal Server Error: /accounts/3rdparty/ C:\Users\kores\PycharmProjects\NewSite\NewsSite\venv\Lib\site-packages\django\utils\log.py
None
Traceback (most recent call last):
  File "C:\Users\kores\PycharmProjects\NewSite\NewsSite\venv\Lib\site-packages\django\template\base.py", line 510, in parse
    compile_func = self.tags[command]
                   ~~~~~~~~~^^^^^^^^^
KeyError: 'icon'

During handling of the above exception, another exception occurred:

Traceback (most recent call last):
  File "C:\Users\kores\PycharmProjects\NewSite\NewsSite\venv\Lib\site-packages\django\core\handlers\exception.py", line 55, in inner
    response = get_response(request)
  File "C:\Users\kores\PycharmProjects\NewSite\NewsSite\venv\Lib\site-packages\django\core\handlers\base.py", line 220, in _get_response
    response = response.render()
  File "C:\Users\kores\PycharmProjects\NewSite\NewsSite\venv\Lib\site-packages\django\template\response.py", line 114, in render
    self.content = self.rendered_content
                   ^^^^^^^^^^^^^^^^^^^^^
  File "C:\Users\kores\PycharmProjects\NewSite\NewsSite\venv\Lib\site-packages\django\template\response.py", line 90, in rendered_content
    template = self.resolve_template(self.template_name)
  File "C:\Users\kores\PycharmProjects\NewSite\NewsSite\venv\Lib\site-packages\django\template\response.py", line 72, in resolve_template
    return select_template(template, using=self.using)
  File "C:\Users\kores\PycharmProjects\NewSite\NewsSite\venv\Lib\site-packages\django\template\loader.py", line 42, in select_template
    return engine.get_template(template_name)
           ~~~~~~~~~~~~~~~~~~~^^^^^^^^^^^^^^^
  File "C:\Users\kores\PycharmProjects\NewSite\NewsSite\venv\Lib\site-packages\django\template\backends\django.py", line 79, in get_template
    return Template(self.engine.get_template(template_name), self)
                    ~~~~~~~~~~~~~~~~~~~~~~~~^^^^^^^^^^^^^^^
  File "C:\Users\kores\PycharmProjects\NewSite\NewsSite\venv\Lib\site-packages\django\template\engine.py", line 177, in get_template
    template, origin = self.find_template(template_name)
                       ~~~~~~~~~~~~~~~~~~^^^^^^^^^^^^^^^
  File "C:\Users\kores\PycharmProjects\NewSite\NewsSite\venv\Lib\site-packages\django\template\engine.py", line 159, in find_template
    template = loader.get_template(name, skip=skip)
  File "C:\Users\kores\PycharmProjects\NewSite\NewsSite\venv\Lib\site-packages\django\template\loaders\cached.py", line 57, in get_template
    template = super().get_template(template_name, skip)
  File "C:\Users\kores\PycharmProjects\NewSite\NewsSite\venv\Lib\site-packages\django\template\loaders\base.py", line 28, in get_template
    return Template(
        contents,
    ...<2 lines>...
        self.engine,
    )
  File "C:\Users\kores\PycharmProjects\NewSite\NewsSite\venv\Lib\site-packages\django\template\base.py", line 154, in __init__
    self.nodelist = self.compile_nodelist()
                    ~~~~~~~~~~~~~~~~~~~~~^^
  File "C:\Users\kores\PycharmProjects\NewSite\NewsSite\venv\Lib\site-packages\django\template\base.py", line 196, in compile_nodelist
    nodelist = parser.parse()
  File "C:\Users\kores\PycharmProjects\NewSite\NewsSite\venv\Lib\site-packages\django\template\base.py", line 518, in parse
    raise self.error(token, e)
  File "C:\Users\kores\PycharmProjects\NewSite\NewsSite\venv\Lib\site-packages\django\template\base.py", line 516, in parse
    compiled_result = compile_func(self, token)
  File "C:\Users\kores\PycharmProjects\NewSite\NewsSite\venv\Lib\site-packages\django\template\loader_tags.py", line 299, in do_extends
    nodelist = parser.parse()
  File "C:\Users\kores\PycharmProjects\NewSite\NewsSite\venv\Lib\site-packages\django\template\base.py", line 518, in parse
    raise self.error(token, e)
  File "C:\Users\kores\PycharmProjects\NewSite\NewsSite\venv\Lib\site-packages\django\template\base.py", line 516, in parse
    compiled_result = compile_func(self, token)
  File "C:\Users\kores\PycharmProjects\NewSite\NewsSite\venv\Lib\site-packages\django\template\loader_tags.py", line 234, in do_block
    nodelist = parser.parse(("endblock",))
  File "C:\Users\kores\PycharmProjects\NewSite\NewsSite\venv\Lib\site-packages\django\template\base.py", line 518, in parse
    raise self.error(token, e)
  File "C:\Users\kores\PycharmProjects\NewSite\NewsSite\venv\Lib\site-packages\django\template\base.py", line 516, in parse
    compiled_result = compile_func(self, token)
  File "C:\Users\kores\PycharmProjects\NewSite\NewsSite\venv\Lib\site-packages\django\template\defaulttags.py", line 962, in do_if
    nodelist = parser.parse(("elif", "else", "endif"))
  File "C:\Users\kores\PycharmProjects\NewSite\NewsSite\venv\Lib\site-packages\django\template\base.py", line 518, in parse
    raise self.error(token, e)
  File "C:\Users\kores\PycharmProjects\NewSite\NewsSite\venv\Lib\site-packages\django\template\base.py", line 516, in parse
    compiled_result = compile_func(self, token)
  File "C:\Users\kores\PycharmProjects\NewSite\NewsSite\venv\Lib\site-packages\django\template\defaulttags.py", line 862, in do_for
    nodelist_loop = parser.parse(
        (
    ...<2 lines>...
        )
    )
  File "C:\Users\kores\PycharmProjects\NewSite\NewsSite\venv\Lib\site-packages\django\template\base.py", line 518, in parse
    raise self.error(token, e)
  File "C:\Users\kores\PycharmProjects\NewSite\NewsSite\venv\Lib\site-packages\django\template\base.py", line 516, in parse
    compiled_result = compile_func(self, token)
  File "C:\Users\kores\PycharmProjects\NewSite\NewsSite\venv\Lib\site-packages\django\template\defaulttags.py", line 1540, in do_with
    nodelist = parser.parse(("endwith",))
  File "C:\Users\kores\PycharmProjects\NewSite\NewsSite\venv\Lib\site-packages\django\template\base.py", line 518, in parse
    raise self.error(token, e)
  File "C:\Users\kores\PycharmProjects\NewSite\NewsSite\venv\Lib\site-packages\django\template\base.py", line 516, in parse
    compiled_result = compile_func(self, token)
  File "C:\Users\kores\PycharmProjects\NewSite\NewsSite\venv\Lib\site-packages\django\template\defaulttags.py", line 1540, in do_with
    nodelist = parser.parse(("endwith",))
  File "C:\Users\kores\PycharmProjects\NewSite\NewsSite\venv\Lib\site-packages\django\template\base.py", line 518, in parse
    raise self.error(token, e)
  File "C:\Users\kores\PycharmProjects\NewSite\NewsSite\venv\Lib\site-packages\django\template\base.py", line 516, in parse
    compiled_result = compile_func(self, token)
  File "C:\Users\kores\PycharmProjects\NewSite\NewsSite\venv\Lib\site-packages\django\template\defaulttags.py", line 1540, in do_with
    nodelist = parser.parse(("endwith",))
  File "C:\Users\kores\PycharmProjects\NewSite\NewsSite\venv\Lib\site-packages\django\template\base.py", line 512, in parse
    self.invalid_block_tag(token, command, parse_until)
    ~~~~~~~~~~~~~~~~~~~~~~^^^^^^^^^^^^^^^^^^^^^^^^^^^^^
  File "C:\Users\kores\PycharmProjects\NewSite\NewsSite\venv\Lib\site-packages\django\template\base.py", line 567, in invalid_block_tag
    raise self.error(
    ...<8 lines>...
    )
django.template.exceptions.TemplateSyntaxError: Invalid block tag on line 23: 'icon', expected 'endwith'. Did you forget to register or load this tag?
2025-08-06 13:31:10 ERROR "GET /accounts/3rdparty/ HTTP/1.1" 500 291486 C:\Users\kores\PycharmProjects\NewSite\NewsSite\venv\Lib\site-packages\django\core\servers\basehttp.py
None
2025-08-06 13:32:08 ERROR Internal Server Error: /accounts/3rdparty/ C:\Users\kores\PycharmProjects\NewSite\NewsSite\venv\Lib\site-packages\django\utils\log.py
None
Traceback (most recent call last):
  File "C:\Users\kores\PycharmProjects\NewSite\NewsSite\venv\Lib\site-packages\django\core\handlers\exception.py", line 55, in inner
    response = get_response(request)
  File "C:\Users\kores\PycharmProjects\NewSite\NewsSite\venv\Lib\site-packages\django\core\handlers\base.py", line 220, in _get_response
    response = response.render()
  File "C:\Users\kores\PycharmProjects\NewSite\NewsSite\venv\Lib\site-packages\django\template\response.py", line 114, in render
    self.content = self.rendered_content
                   ^^^^^^^^^^^^^^^^^^^^^
  File "C:\Users\kores\PycharmProjects\NewSite\NewsSite\venv\Lib\site-packages\django\template\response.py", line 92, in rendered_content
    return template.render(context, self._request)
           ~~~~~~~~~~~~~~~^^^^^^^^^^^^^^^^^^^^^^^^
  File "C:\Users\kores\PycharmProjects\NewSite\NewsSite\venv\Lib\site-packages\django\template\backends\django.py", line 107, in render
    return self.template.render(context)
           ~~~~~~~~~~~~~~~~~~~~^^^^^^^^^
  File "C:\Users\kores\PycharmProjects\NewSite\NewsSite\venv\Lib\site-packages\django\template\base.py", line 171, in render
    return self._render(context)
           ~~~~~~~~~~~~^^^^^^^^^
  File "C:\Users\kores\PycharmProjects\NewSite\NewsSite\venv\Lib\site-packages\django\template\base.py", line 163, in _render
    return self.nodelist.render(context)
           ~~~~~~~~~~~~~~~~~~~~^^^^^^^^^
  File "C:\Users\kores\PycharmProjects\NewSite\NewsSite\venv\Lib\site-packages\django\template\base.py", line 1016, in render
    return SafeString("".join([node.render_annotated(context) for node in self]))
                               ~~~~~~~~~~~~~~~~~~~~~^^^^^^^^^
  File "C:\Users\kores\PycharmProjects\NewSite\NewsSite\venv\Lib\site-packages\django\template\base.py", line 977, in render_annotated
    return self.render(context)
           ~~~~~~~~~~~^^^^^^^^^
  File "C:\Users\kores\PycharmProjects\NewSite\NewsSite\venv\Lib\site-packages\django\template\loader_tags.py", line 159, in render
    return compiled_parent._render(context)
           ~~~~~~~~~~~~~~~~~~~~~~~^^^^^^^^^
  File "C:\Users\kores\PycharmProjects\NewSite\NewsSite\venv\Lib\site-packages\django\template\base.py", line 163, in _render
    return self.nodelist.render(context)
           ~~~~~~~~~~~~~~~~~~~~^^^^^^^^^
  File "C:\Users\kores\PycharmProjects\NewSite\NewsSite\venv\Lib\site-packages\django\template\base.py", line 1016, in render
    return SafeString("".join([node.render_annotated(context) for node in self]))
                               ~~~~~~~~~~~~~~~~~~~~~^^^^^^^^^
  File "C:\Users\kores\PycharmProjects\NewSite\NewsSite\venv\Lib\site-packages\django\template\base.py", line 977, in render_annotated
    return self.render(context)
           ~~~~~~~~~~~^^^^^^^^^
  File "C:\Users\kores\PycharmProjects\NewSite\NewsSite\venv\Lib\site-packages\django\template\loader_tags.py", line 159, in render
    return compiled_parent._render(context)
           ~~~~~~~~~~~~~~~~~~~~~~~^^^^^^^^^
  File "C:\Users\kores\PycharmProjects\NewSite\NewsSite\venv\Lib\site-packages\django\template\base.py", line 163, in _render
    return self.nodelist.render(context)
           ~~~~~~~~~~~~~~~~~~~~^^^^^^^^^
  File "C:\Users\kores\PycharmProjects\NewSite\NewsSite\venv\Lib\site-packages\django\template\base.py", line 1016, in render
    return SafeString("".join([node.render_annotated(context) for node in self]))
                               ~~~~~~~~~~~~~~~~~~~~~^^^^^^^^^
  File "C:\Users\kores\PycharmProjects\NewSite\NewsSite\venv\Lib\site-packages\django\template\base.py", line 977, in render_annotated
    return self.render(context)
           ~~~~~~~~~~~^^^^^^^^^
  File "C:\Users\kores\PycharmProjects\NewSite\NewsSite\venv\Lib\site-packages\django\template\loader_tags.py", line 159, in render
    return compiled_parent._render(context)
           ~~~~~~~~~~~~~~~~~~~~~~~^^^^^^^^^
  File "C:\Users\kores\PycharmProjects\NewSite\NewsSite\venv\Lib\site-packages\django\template\base.py", line 163, in _render
    return self.nodelist.render(context)
           ~~~~~~~~~~~~~~~~~~~~^^^^^^^^^
  File "C:\Users\kores\PycharmProjects\NewSite\NewsSite\venv\Lib\site-packages\django\template\base.py", line 1016, in render
    return SafeString("".join([node.render_annotated(context) for node in self]))
                               ~~~~~~~~~~~~~~~~~~~~~^^^^^^^^^
  File "C:\Users\kores\PycharmProjects\NewSite\NewsSite\venv\Lib\site-packages\django\template\base.py", line 977, in render_annotated
    return self.render(context)
           ~~~~~~~~~~~^^^^^^^^^
  File "C:\Users\kores\PycharmProjects\NewSite\NewsSite\venv\Lib\site-packages\django\template\loader_tags.py", line 65, in render
    result = block.nodelist.render(context)
  File "C:\Users\kores\PycharmProjects\NewSite\NewsSite\venv\Lib\site-packages\django\template\base.py", line 1016, in render
    return SafeString("".join([node.render_annotated(context) for node in self]))
                               ~~~~~~~~~~~~~~~~~~~~~^^^^^^^^^
  File "C:\Users\kores\PycharmProjects\NewSite\NewsSite\venv\Lib\site-packages\django\template\base.py", line 977, in render_annotated
    return self.render(context)
           ~~~~~~~~~~~^^^^^^^^^
  File "C:\Users\kores\PycharmProjects\NewSite\NewsSite\venv\Lib\site-packages\django\template\loader_tags.py", line 65, in render
    result = block.nodelist.render(context)
  File "C:\Users\kores\PycharmProjects\NewSite\NewsSite\venv\Lib\site-packages\django\template\base.py", line 1016, in render
    return SafeString("".join([node.render_annotated(context) for node in self]))
                               ~~~~~~~~~~~~~~~~~~~~~^^^^^^^^^
  File "C:\Users\kores\PycharmProjects\NewSite\NewsSite\venv\Lib\site-packages\django\template\base.py", line 977, in render_annotated
    return self.render(context)
           ~~~~~~~~~~~^^^^^^^^^
  File "C:\Users\kores\PycharmProjects\NewSite\NewsSite\venv\Lib\site-packages\django\template\defaulttags.py", line 327, in render
    return nodelist.render(context)
           ~~~~~~~~~~~~~~~^^^^^^^^^
  File "C:\Users\kores\PycharmProjects\NewSite\NewsSite\venv\Lib\site-packages\django\template\base.py", line 1016, in render
    return SafeString("".join([node.render_annotated(context) for node in self]))
                               ~~~~~~~~~~~~~~~~~~~~~^^^^^^^^^
  File "C:\Users\kores\PycharmProjects\NewSite\NewsSite\venv\Lib\site-packages\django\template\base.py", line 977, in render_annotated
    return self.render(context)
           ~~~~~~~~~~~^^^^^^^^^
  File "C:\Users\kores\PycharmProjects\NewSite\NewsSite\venv\Lib\site-packages\django\template\defaulttags.py", line 243, in render
    nodelist.append(node.render_annotated(context))
                    ~~~~~~~~~~~~~~~~~~~~~^^^^^^^^^
  File "C:\Users\kores\PycharmProjects\NewSite\NewsSite\venv\Lib\site-packages\django\template\base.py", line 977, in render_annotated
    return self.render(context)
           ~~~~~~~~~~~^^^^^^^^^
  File "C:\Users\kores\PycharmProjects\NewSite\NewsSite\venv\Lib\site-packages\django\template\defaulttags.py", line 548, in render
    values = {key: val.resolve(context) for key, val in self.extra_context.items()}
                   ~~~~~~~~~~~^^^^^^^^^
  File "C:\Users\kores\PycharmProjects\NewSite\NewsSite\venv\Lib\site-packages\django\template\base.py", line 722, in resolve
    obj = self.var.resolve(context)
  File "C:\Users\kores\PycharmProjects\NewSite\NewsSite\venv\Lib\site-packages\django\template\base.py", line 854, in resolve
    value = self._resolve_lookup(context)
  File "C:\Users\kores\PycharmProjects\NewSite\NewsSite\venv\Lib\site-packages\django\template\base.py", line 925, in _resolve_lookup
    current = current()
  File "C:\Users\kores\PycharmProjects\NewSite\NewsSite\venv\Lib\site-packages\allauth\socialaccount\models.py", line 153, in get_provider_account
    return self.get_provider().wrap_account(self)
           ~~~~~~~~~~~~~~~~~^^
  File "C:\Users\kores\PycharmProjects\NewSite\NewsSite\venv\Lib\site-packages\allauth\socialaccount\models.py", line 147, in get_provider
    provider = self._provider = adapter.get_provider(
                                ~~~~~~~~~~~~~~~~~~~~^
        request or context.request, provider=self.provider
        ^^^^^^^^^^^^^^^^^^^^^^^^^^^^^^^^^^^^^^^^^^^^^^^^^^
    )
    ^
  File "C:\Users\kores\PycharmProjects\NewSite\NewsSite\venv\Lib\site-packages\allauth\socialaccount\adapter.py", line 213, in get_provider
    app = self.get_app(request, provider=provider, client_id=client_id)
  File "C:\Users\kores\PycharmProjects\NewSite\NewsSite\venv\Lib\site-packages\allauth\socialaccount\adapter.py", line 300, in get_app
    raise MultipleObjectsReturned
django.core.exceptions.MultipleObjectsReturned
2025-08-06 13:32:08 ERROR "GET /accounts/3rdparty/ HTTP/1.1" 500 253918 C:\Users\kores\PycharmProjects\NewSite\NewsSite\venv\Lib\site-packages\django\core\servers\basehttp.py
None
2025-08-06 13:32:55 ERROR Internal Server Error: /accounts/3rdparty/ C:\Users\kores\PycharmProjects\NewSite\NewsSite\venv\Lib\site-packages\django\utils\log.py
None
Traceback (most recent call last):
  File "C:\Users\kores\PycharmProjects\NewSite\NewsSite\venv\Lib\site-packages\django\core\handlers\exception.py", line 55, in inner
    response = get_response(request)
  File "C:\Users\kores\PycharmProjects\NewSite\NewsSite\venv\Lib\site-packages\django\core\handlers\base.py", line 220, in _get_response
    response = response.render()
  File "C:\Users\kores\PycharmProjects\NewSite\NewsSite\venv\Lib\site-packages\django\template\response.py", line 114, in render
    self.content = self.rendered_content
                   ^^^^^^^^^^^^^^^^^^^^^
  File "C:\Users\kores\PycharmProjects\NewSite\NewsSite\venv\Lib\site-packages\django\template\response.py", line 92, in rendered_content
    return template.render(context, self._request)
           ~~~~~~~~~~~~~~~^^^^^^^^^^^^^^^^^^^^^^^^
  File "C:\Users\kores\PycharmProjects\NewSite\NewsSite\venv\Lib\site-packages\django\template\backends\django.py", line 107, in render
    return self.template.render(context)
           ~~~~~~~~~~~~~~~~~~~~^^^^^^^^^
  File "C:\Users\kores\PycharmProjects\NewSite\NewsSite\venv\Lib\site-packages\django\template\base.py", line 171, in render
    return self._render(context)
           ~~~~~~~~~~~~^^^^^^^^^
  File "C:\Users\kores\PycharmProjects\NewSite\NewsSite\venv\Lib\site-packages\django\template\base.py", line 163, in _render
    return self.nodelist.render(context)
           ~~~~~~~~~~~~~~~~~~~~^^^^^^^^^
  File "C:\Users\kores\PycharmProjects\NewSite\NewsSite\venv\Lib\site-packages\django\template\base.py", line 1016, in render
    return SafeString("".join([node.render_annotated(context) for node in self]))
                               ~~~~~~~~~~~~~~~~~~~~~^^^^^^^^^
  File "C:\Users\kores\PycharmProjects\NewSite\NewsSite\venv\Lib\site-packages\django\template\base.py", line 977, in render_annotated
    return self.render(context)
           ~~~~~~~~~~~^^^^^^^^^
  File "C:\Users\kores\PycharmProjects\NewSite\NewsSite\venv\Lib\site-packages\django\template\loader_tags.py", line 159, in render
    return compiled_parent._render(context)
           ~~~~~~~~~~~~~~~~~~~~~~~^^^^^^^^^
  File "C:\Users\kores\PycharmProjects\NewSite\NewsSite\venv\Lib\site-packages\django\template\base.py", line 163, in _render
    return self.nodelist.render(context)
           ~~~~~~~~~~~~~~~~~~~~^^^^^^^^^
  File "C:\Users\kores\PycharmProjects\NewSite\NewsSite\venv\Lib\site-packages\django\template\base.py", line 1016, in render
    return SafeString("".join([node.render_annotated(context) for node in self]))
                               ~~~~~~~~~~~~~~~~~~~~~^^^^^^^^^
  File "C:\Users\kores\PycharmProjects\NewSite\NewsSite\venv\Lib\site-packages\django\template\base.py", line 977, in render_annotated
    return self.render(context)
           ~~~~~~~~~~~^^^^^^^^^
  File "C:\Users\kores\PycharmProjects\NewSite\NewsSite\venv\Lib\site-packages\django\template\loader_tags.py", line 159, in render
    return compiled_parent._render(context)
           ~~~~~~~~~~~~~~~~~~~~~~~^^^^^^^^^
  File "C:\Users\kores\PycharmProjects\NewSite\NewsSite\venv\Lib\site-packages\django\template\base.py", line 163, in _render
    return self.nodelist.render(context)
           ~~~~~~~~~~~~~~~~~~~~^^^^^^^^^
  File "C:\Users\kores\PycharmProjects\NewSite\NewsSite\venv\Lib\site-packages\django\template\base.py", line 1016, in render
    return SafeString("".join([node.render_annotated(context) for node in self]))
                               ~~~~~~~~~~~~~~~~~~~~~^^^^^^^^^
  File "C:\Users\kores\PycharmProjects\NewSite\NewsSite\venv\Lib\site-packages\django\template\base.py", line 977, in render_annotated
    return self.render(context)
           ~~~~~~~~~~~^^^^^^^^^
  File "C:\Users\kores\PycharmProjects\NewSite\NewsSite\venv\Lib\site-packages\django\template\loader_tags.py", line 159, in render
    return compiled_parent._render(context)
           ~~~~~~~~~~~~~~~~~~~~~~~^^^^^^^^^
  File "C:\Users\kores\PycharmProjects\NewSite\NewsSite\venv\Lib\site-packages\django\template\base.py", line 163, in _render
    return self.nodelist.render(context)
           ~~~~~~~~~~~~~~~~~~~~^^^^^^^^^
  File "C:\Users\kores\PycharmProjects\NewSite\NewsSite\venv\Lib\site-packages\django\template\base.py", line 1016, in render
    return SafeString("".join([node.render_annotated(context) for node in self]))
                               ~~~~~~~~~~~~~~~~~~~~~^^^^^^^^^
  File "C:\Users\kores\PycharmProjects\NewSite\NewsSite\venv\Lib\site-packages\django\template\base.py", line 977, in render_annotated
    return self.render(context)
           ~~~~~~~~~~~^^^^^^^^^
  File "C:\Users\kores\PycharmProjects\NewSite\NewsSite\venv\Lib\site-packages\django\template\loader_tags.py", line 65, in render
    result = block.nodelist.render(context)
  File "C:\Users\kores\PycharmProjects\NewSite\NewsSite\venv\Lib\site-packages\django\template\base.py", line 1016, in render
    return SafeString("".join([node.render_annotated(context) for node in self]))
                               ~~~~~~~~~~~~~~~~~~~~~^^^^^^^^^
  File "C:\Users\kores\PycharmProjects\NewSite\NewsSite\venv\Lib\site-packages\django\template\base.py", line 977, in render_annotated
    return self.render(context)
           ~~~~~~~~~~~^^^^^^^^^
  File "C:\Users\kores\PycharmProjects\NewSite\NewsSite\venv\Lib\site-packages\django\template\loader_tags.py", line 65, in render
    result = block.nodelist.render(context)
  File "C:\Users\kores\PycharmProjects\NewSite\NewsSite\venv\Lib\site-packages\django\template\base.py", line 1016, in render
    return SafeString("".join([node.render_annotated(context) for node in self]))
                               ~~~~~~~~~~~~~~~~~~~~~^^^^^^^^^
  File "C:\Users\kores\PycharmProjects\NewSite\NewsSite\venv\Lib\site-packages\django\template\base.py", line 977, in render_annotated
    return self.render(context)
           ~~~~~~~~~~~^^^^^^^^^
  File "C:\Users\kores\PycharmProjects\NewSite\NewsSite\venv\Lib\site-packages\django\template\defaulttags.py", line 327, in render
    return nodelist.render(context)
           ~~~~~~~~~~~~~~~^^^^^^^^^
  File "C:\Users\kores\PycharmProjects\NewSite\NewsSite\venv\Lib\site-packages\django\template\base.py", line 1016, in render
    return SafeString("".join([node.render_annotated(context) for node in self]))
                               ~~~~~~~~~~~~~~~~~~~~~^^^^^^^^^
  File "C:\Users\kores\PycharmProjects\NewSite\NewsSite\venv\Lib\site-packages\django\template\base.py", line 977, in render_annotated
    return self.render(context)
           ~~~~~~~~~~~^^^^^^^^^
  File "C:\Users\kores\PycharmProjects\NewSite\NewsSite\venv\Lib\site-packages\django\template\defaulttags.py", line 243, in render
    nodelist.append(node.render_annotated(context))
                    ~~~~~~~~~~~~~~~~~~~~~^^^^^^^^^
  File "C:\Users\kores\PycharmProjects\NewSite\NewsSite\venv\Lib\site-packages\django\template\base.py", line 977, in render_annotated
    return self.render(context)
           ~~~~~~~~~~~^^^^^^^^^
  File "C:\Users\kores\PycharmProjects\NewSite\NewsSite\venv\Lib\site-packages\django\template\defaulttags.py", line 548, in render
    values = {key: val.resolve(context) for key, val in self.extra_context.items()}
                   ~~~~~~~~~~~^^^^^^^^^
  File "C:\Users\kores\PycharmProjects\NewSite\NewsSite\venv\Lib\site-packages\django\template\base.py", line 722, in resolve
    obj = self.var.resolve(context)
  File "C:\Users\kores\PycharmProjects\NewSite\NewsSite\venv\Lib\site-packages\django\template\base.py", line 854, in resolve
    value = self._resolve_lookup(context)
  File "C:\Users\kores\PycharmProjects\NewSite\NewsSite\venv\Lib\site-packages\django\template\base.py", line 925, in _resolve_lookup
    current = current()
  File "C:\Users\kores\PycharmProjects\NewSite\NewsSite\venv\Lib\site-packages\allauth\socialaccount\models.py", line 153, in get_provider_account
    return self.get_provider().wrap_account(self)
           ~~~~~~~~~~~~~~~~~^^
  File "C:\Users\kores\PycharmProjects\NewSite\NewsSite\venv\Lib\site-packages\allauth\socialaccount\models.py", line 147, in get_provider
    provider = self._provider = adapter.get_provider(
                                ~~~~~~~~~~~~~~~~~~~~^
        request or context.request, provider=self.provider
        ^^^^^^^^^^^^^^^^^^^^^^^^^^^^^^^^^^^^^^^^^^^^^^^^^^
    )
    ^
  File "C:\Users\kores\PycharmProjects\NewSite\NewsSite\venv\Lib\site-packages\allauth\socialaccount\adapter.py", line 213, in get_provider
    app = self.get_app(request, provider=provider, client_id=client_id)
  File "C:\Users\kores\PycharmProjects\NewSite\NewsSite\venv\Lib\site-packages\allauth\socialaccount\adapter.py", line 300, in get_app
    raise MultipleObjectsReturned
django.core.exceptions.MultipleObjectsReturned
2025-08-06 13:32:56 ERROR "GET /accounts/3rdparty/ HTTP/1.1" 500 253918 C:\Users\kores\PycharmProjects\NewSite\NewsSite\venv\Lib\site-packages\django\core\servers\basehttp.py
None
2025-08-06 13:32:57 ERROR Internal Server Error: /accounts/3rdparty/ C:\Users\kores\PycharmProjects\NewSite\NewsSite\venv\Lib\site-packages\django\utils\log.py
None
Traceback (most recent call last):
  File "C:\Users\kores\PycharmProjects\NewSite\NewsSite\venv\Lib\site-packages\django\core\handlers\exception.py", line 55, in inner
    response = get_response(request)
  File "C:\Users\kores\PycharmProjects\NewSite\NewsSite\venv\Lib\site-packages\django\core\handlers\base.py", line 220, in _get_response
    response = response.render()
  File "C:\Users\kores\PycharmProjects\NewSite\NewsSite\venv\Lib\site-packages\django\template\response.py", line 114, in render
    self.content = self.rendered_content
                   ^^^^^^^^^^^^^^^^^^^^^
  File "C:\Users\kores\PycharmProjects\NewSite\NewsSite\venv\Lib\site-packages\django\template\response.py", line 92, in rendered_content
    return template.render(context, self._request)
           ~~~~~~~~~~~~~~~^^^^^^^^^^^^^^^^^^^^^^^^
  File "C:\Users\kores\PycharmProjects\NewSite\NewsSite\venv\Lib\site-packages\django\template\backends\django.py", line 107, in render
    return self.template.render(context)
           ~~~~~~~~~~~~~~~~~~~~^^^^^^^^^
  File "C:\Users\kores\PycharmProjects\NewSite\NewsSite\venv\Lib\site-packages\django\template\base.py", line 171, in render
    return self._render(context)
           ~~~~~~~~~~~~^^^^^^^^^
  File "C:\Users\kores\PycharmProjects\NewSite\NewsSite\venv\Lib\site-packages\django\template\base.py", line 163, in _render
    return self.nodelist.render(context)
           ~~~~~~~~~~~~~~~~~~~~^^^^^^^^^
  File "C:\Users\kores\PycharmProjects\NewSite\NewsSite\venv\Lib\site-packages\django\template\base.py", line 1016, in render
    return SafeString("".join([node.render_annotated(context) for node in self]))
                               ~~~~~~~~~~~~~~~~~~~~~^^^^^^^^^
  File "C:\Users\kores\PycharmProjects\NewSite\NewsSite\venv\Lib\site-packages\django\template\base.py", line 977, in render_annotated
    return self.render(context)
           ~~~~~~~~~~~^^^^^^^^^
  File "C:\Users\kores\PycharmProjects\NewSite\NewsSite\venv\Lib\site-packages\django\template\loader_tags.py", line 159, in render
    return compiled_parent._render(context)
           ~~~~~~~~~~~~~~~~~~~~~~~^^^^^^^^^
  File "C:\Users\kores\PycharmProjects\NewSite\NewsSite\venv\Lib\site-packages\django\template\base.py", line 163, in _render
    return self.nodelist.render(context)
           ~~~~~~~~~~~~~~~~~~~~^^^^^^^^^
  File "C:\Users\kores\PycharmProjects\NewSite\NewsSite\venv\Lib\site-packages\django\template\base.py", line 1016, in render
    return SafeString("".join([node.render_annotated(context) for node in self]))
                               ~~~~~~~~~~~~~~~~~~~~~^^^^^^^^^
  File "C:\Users\kores\PycharmProjects\NewSite\NewsSite\venv\Lib\site-packages\django\template\base.py", line 977, in render_annotated
    return self.render(context)
           ~~~~~~~~~~~^^^^^^^^^
  File "C:\Users\kores\PycharmProjects\NewSite\NewsSite\venv\Lib\site-packages\django\template\loader_tags.py", line 159, in render
    return compiled_parent._render(context)
           ~~~~~~~~~~~~~~~~~~~~~~~^^^^^^^^^
  File "C:\Users\kores\PycharmProjects\NewSite\NewsSite\venv\Lib\site-packages\django\template\base.py", line 163, in _render
    return self.nodelist.render(context)
           ~~~~~~~~~~~~~~~~~~~~^^^^^^^^^
  File "C:\Users\kores\PycharmProjects\NewSite\NewsSite\venv\Lib\site-packages\django\template\base.py", line 1016, in render
    return SafeString("".join([node.render_annotated(context) for node in self]))
                               ~~~~~~~~~~~~~~~~~~~~~^^^^^^^^^
  File "C:\Users\kores\PycharmProjects\NewSite\NewsSite\venv\Lib\site-packages\django\template\base.py", line 977, in render_annotated
    return self.render(context)
           ~~~~~~~~~~~^^^^^^^^^
  File "C:\Users\kores\PycharmProjects\NewSite\NewsSite\venv\Lib\site-packages\django\template\loader_tags.py", line 159, in render
    return compiled_parent._render(context)
           ~~~~~~~~~~~~~~~~~~~~~~~^^^^^^^^^
  File "C:\Users\kores\PycharmProjects\NewSite\NewsSite\venv\Lib\site-packages\django\template\base.py", line 163, in _render
    return self.nodelist.render(context)
           ~~~~~~~~~~~~~~~~~~~~^^^^^^^^^
  File "C:\Users\kores\PycharmProjects\NewSite\NewsSite\venv\Lib\site-packages\django\template\base.py", line 1016, in render
    return SafeString("".join([node.render_annotated(context) for node in self]))
                               ~~~~~~~~~~~~~~~~~~~~~^^^^^^^^^
  File "C:\Users\kores\PycharmProjects\NewSite\NewsSite\venv\Lib\site-packages\django\template\base.py", line 977, in render_annotated
    return self.render(context)
           ~~~~~~~~~~~^^^^^^^^^
  File "C:\Users\kores\PycharmProjects\NewSite\NewsSite\venv\Lib\site-packages\django\template\loader_tags.py", line 65, in render
    result = block.nodelist.render(context)
  File "C:\Users\kores\PycharmProjects\NewSite\NewsSite\venv\Lib\site-packages\django\template\base.py", line 1016, in render
    return SafeString("".join([node.render_annotated(context) for node in self]))
                               ~~~~~~~~~~~~~~~~~~~~~^^^^^^^^^
  File "C:\Users\kores\PycharmProjects\NewSite\NewsSite\venv\Lib\site-packages\django\template\base.py", line 977, in render_annotated
    return self.render(context)
           ~~~~~~~~~~~^^^^^^^^^
  File "C:\Users\kores\PycharmProjects\NewSite\NewsSite\venv\Lib\site-packages\django\template\loader_tags.py", line 65, in render
    result = block.nodelist.render(context)
  File "C:\Users\kores\PycharmProjects\NewSite\NewsSite\venv\Lib\site-packages\django\template\base.py", line 1016, in render
    return SafeString("".join([node.render_annotated(context) for node in self]))
                               ~~~~~~~~~~~~~~~~~~~~~^^^^^^^^^
  File "C:\Users\kores\PycharmProjects\NewSite\NewsSite\venv\Lib\site-packages\django\template\base.py", line 977, in render_annotated
    return self.render(context)
           ~~~~~~~~~~~^^^^^^^^^
  File "C:\Users\kores\PycharmProjects\NewSite\NewsSite\venv\Lib\site-packages\django\template\defaulttags.py", line 327, in render
    return nodelist.render(context)
           ~~~~~~~~~~~~~~~^^^^^^^^^
  File "C:\Users\kores\PycharmProjects\NewSite\NewsSite\venv\Lib\site-packages\django\template\base.py", line 1016, in render
    return SafeString("".join([node.render_annotated(context) for node in self]))
                               ~~~~~~~~~~~~~~~~~~~~~^^^^^^^^^
  File "C:\Users\kores\PycharmProjects\NewSite\NewsSite\venv\Lib\site-packages\django\template\base.py", line 977, in render_annotated
    return self.render(context)
           ~~~~~~~~~~~^^^^^^^^^
  File "C:\Users\kores\PycharmProjects\NewSite\NewsSite\venv\Lib\site-packages\django\template\defaulttags.py", line 243, in render
    nodelist.append(node.render_annotated(context))
                    ~~~~~~~~~~~~~~~~~~~~~^^^^^^^^^
  File "C:\Users\kores\PycharmProjects\NewSite\NewsSite\venv\Lib\site-packages\django\template\base.py", line 977, in render_annotated
    return self.render(context)
           ~~~~~~~~~~~^^^^^^^^^
  File "C:\Users\kores\PycharmProjects\NewSite\NewsSite\venv\Lib\site-packages\django\template\defaulttags.py", line 548, in render
    values = {key: val.resolve(context) for key, val in self.extra_context.items()}
                   ~~~~~~~~~~~^^^^^^^^^
  File "C:\Users\kores\PycharmProjects\NewSite\NewsSite\venv\Lib\site-packages\django\template\base.py", line 722, in resolve
    obj = self.var.resolve(context)
  File "C:\Users\kores\PycharmProjects\NewSite\NewsSite\venv\Lib\site-packages\django\template\base.py", line 854, in resolve
    value = self._resolve_lookup(context)
  File "C:\Users\kores\PycharmProjects\NewSite\NewsSite\venv\Lib\site-packages\django\template\base.py", line 925, in _resolve_lookup
    current = current()
  File "C:\Users\kores\PycharmProjects\NewSite\NewsSite\venv\Lib\site-packages\allauth\socialaccount\models.py", line 153, in get_provider_account
    return self.get_provider().wrap_account(self)
           ~~~~~~~~~~~~~~~~~^^
  File "C:\Users\kores\PycharmProjects\NewSite\NewsSite\venv\Lib\site-packages\allauth\socialaccount\models.py", line 147, in get_provider
    provider = self._provider = adapter.get_provider(
                                ~~~~~~~~~~~~~~~~~~~~^
        request or context.request, provider=self.provider
        ^^^^^^^^^^^^^^^^^^^^^^^^^^^^^^^^^^^^^^^^^^^^^^^^^^
    )
    ^
  File "C:\Users\kores\PycharmProjects\NewSite\NewsSite\venv\Lib\site-packages\allauth\socialaccount\adapter.py", line 213, in get_provider
    app = self.get_app(request, provider=provider, client_id=client_id)
  File "C:\Users\kores\PycharmProjects\NewSite\NewsSite\venv\Lib\site-packages\allauth\socialaccount\adapter.py", line 300, in get_app
    raise MultipleObjectsReturned
django.core.exceptions.MultipleObjectsReturned
2025-08-06 13:32:57 ERROR "GET /accounts/3rdparty/ HTTP/1.1" 500 253918 C:\Users\kores\PycharmProjects\NewSite\NewsSite\venv\Lib\site-packages\django\core\servers\basehttp.py
None
2025-08-06 13:32:58 ERROR Internal Server Error: /accounts/3rdparty/ C:\Users\kores\PycharmProjects\NewSite\NewsSite\venv\Lib\site-packages\django\utils\log.py
None
Traceback (most recent call last):
  File "C:\Users\kores\PycharmProjects\NewSite\NewsSite\venv\Lib\site-packages\django\core\handlers\exception.py", line 55, in inner
    response = get_response(request)
  File "C:\Users\kores\PycharmProjects\NewSite\NewsSite\venv\Lib\site-packages\django\core\handlers\base.py", line 220, in _get_response
    response = response.render()
  File "C:\Users\kores\PycharmProjects\NewSite\NewsSite\venv\Lib\site-packages\django\template\response.py", line 114, in render
    self.content = self.rendered_content
                   ^^^^^^^^^^^^^^^^^^^^^
  File "C:\Users\kores\PycharmProjects\NewSite\NewsSite\venv\Lib\site-packages\django\template\response.py", line 92, in rendered_content
    return template.render(context, self._request)
           ~~~~~~~~~~~~~~~^^^^^^^^^^^^^^^^^^^^^^^^
  File "C:\Users\kores\PycharmProjects\NewSite\NewsSite\venv\Lib\site-packages\django\template\backends\django.py", line 107, in render
    return self.template.render(context)
           ~~~~~~~~~~~~~~~~~~~~^^^^^^^^^
  File "C:\Users\kores\PycharmProjects\NewSite\NewsSite\venv\Lib\site-packages\django\template\base.py", line 171, in render
    return self._render(context)
           ~~~~~~~~~~~~^^^^^^^^^
  File "C:\Users\kores\PycharmProjects\NewSite\NewsSite\venv\Lib\site-packages\django\template\base.py", line 163, in _render
    return self.nodelist.render(context)
           ~~~~~~~~~~~~~~~~~~~~^^^^^^^^^
  File "C:\Users\kores\PycharmProjects\NewSite\NewsSite\venv\Lib\site-packages\django\template\base.py", line 1016, in render
    return SafeString("".join([node.render_annotated(context) for node in self]))
                               ~~~~~~~~~~~~~~~~~~~~~^^^^^^^^^
  File "C:\Users\kores\PycharmProjects\NewSite\NewsSite\venv\Lib\site-packages\django\template\base.py", line 977, in render_annotated
    return self.render(context)
           ~~~~~~~~~~~^^^^^^^^^
  File "C:\Users\kores\PycharmProjects\NewSite\NewsSite\venv\Lib\site-packages\django\template\loader_tags.py", line 159, in render
    return compiled_parent._render(context)
           ~~~~~~~~~~~~~~~~~~~~~~~^^^^^^^^^
  File "C:\Users\kores\PycharmProjects\NewSite\NewsSite\venv\Lib\site-packages\django\template\base.py", line 163, in _render
    return self.nodelist.render(context)
           ~~~~~~~~~~~~~~~~~~~~^^^^^^^^^
  File "C:\Users\kores\PycharmProjects\NewSite\NewsSite\venv\Lib\site-packages\django\template\base.py", line 1016, in render
    return SafeString("".join([node.render_annotated(context) for node in self]))
                               ~~~~~~~~~~~~~~~~~~~~~^^^^^^^^^
  File "C:\Users\kores\PycharmProjects\NewSite\NewsSite\venv\Lib\site-packages\django\template\base.py", line 977, in render_annotated
    return self.render(context)
           ~~~~~~~~~~~^^^^^^^^^
  File "C:\Users\kores\PycharmProjects\NewSite\NewsSite\venv\Lib\site-packages\django\template\loader_tags.py", line 159, in render
    return compiled_parent._render(context)
           ~~~~~~~~~~~~~~~~~~~~~~~^^^^^^^^^
  File "C:\Users\kores\PycharmProjects\NewSite\NewsSite\venv\Lib\site-packages\django\template\base.py", line 163, in _render
    return self.nodelist.render(context)
           ~~~~~~~~~~~~~~~~~~~~^^^^^^^^^
  File "C:\Users\kores\PycharmProjects\NewSite\NewsSite\venv\Lib\site-packages\django\template\base.py", line 1016, in render
    return SafeString("".join([node.render_annotated(context) for node in self]))
                               ~~~~~~~~~~~~~~~~~~~~~^^^^^^^^^
  File "C:\Users\kores\PycharmProjects\NewSite\NewsSite\venv\Lib\site-packages\django\template\base.py", line 977, in render_annotated
    return self.render(context)
           ~~~~~~~~~~~^^^^^^^^^
  File "C:\Users\kores\PycharmProjects\NewSite\NewsSite\venv\Lib\site-packages\django\template\loader_tags.py", line 159, in render
    return compiled_parent._render(context)
           ~~~~~~~~~~~~~~~~~~~~~~~^^^^^^^^^
  File "C:\Users\kores\PycharmProjects\NewSite\NewsSite\venv\Lib\site-packages\django\template\base.py", line 163, in _render
    return self.nodelist.render(context)
           ~~~~~~~~~~~~~~~~~~~~^^^^^^^^^
  File "C:\Users\kores\PycharmProjects\NewSite\NewsSite\venv\Lib\site-packages\django\template\base.py", line 1016, in render
    return SafeString("".join([node.render_annotated(context) for node in self]))
                               ~~~~~~~~~~~~~~~~~~~~~^^^^^^^^^
  File "C:\Users\kores\PycharmProjects\NewSite\NewsSite\venv\Lib\site-packages\django\template\base.py", line 977, in render_annotated
    return self.render(context)
           ~~~~~~~~~~~^^^^^^^^^
  File "C:\Users\kores\PycharmProjects\NewSite\NewsSite\venv\Lib\site-packages\django\template\loader_tags.py", line 65, in render
    result = block.nodelist.render(context)
  File "C:\Users\kores\PycharmProjects\NewSite\NewsSite\venv\Lib\site-packages\django\template\base.py", line 1016, in render
    return SafeString("".join([node.render_annotated(context) for node in self]))
                               ~~~~~~~~~~~~~~~~~~~~~^^^^^^^^^
  File "C:\Users\kores\PycharmProjects\NewSite\NewsSite\venv\Lib\site-packages\django\template\base.py", line 977, in render_annotated
    return self.render(context)
           ~~~~~~~~~~~^^^^^^^^^
  File "C:\Users\kores\PycharmProjects\NewSite\NewsSite\venv\Lib\site-packages\django\template\loader_tags.py", line 65, in render
    result = block.nodelist.render(context)
  File "C:\Users\kores\PycharmProjects\NewSite\NewsSite\venv\Lib\site-packages\django\template\base.py", line 1016, in render
    return SafeString("".join([node.render_annotated(context) for node in self]))
                               ~~~~~~~~~~~~~~~~~~~~~^^^^^^^^^
  File "C:\Users\kores\PycharmProjects\NewSite\NewsSite\venv\Lib\site-packages\django\template\base.py", line 977, in render_annotated
    return self.render(context)
           ~~~~~~~~~~~^^^^^^^^^
  File "C:\Users\kores\PycharmProjects\NewSite\NewsSite\venv\Lib\site-packages\django\template\defaulttags.py", line 327, in render
    return nodelist.render(context)
           ~~~~~~~~~~~~~~~^^^^^^^^^
  File "C:\Users\kores\PycharmProjects\NewSite\NewsSite\venv\Lib\site-packages\django\template\base.py", line 1016, in render
    return SafeString("".join([node.render_annotated(context) for node in self]))
                               ~~~~~~~~~~~~~~~~~~~~~^^^^^^^^^
  File "C:\Users\kores\PycharmProjects\NewSite\NewsSite\venv\Lib\site-packages\django\template\base.py", line 977, in render_annotated
    return self.render(context)
           ~~~~~~~~~~~^^^^^^^^^
  File "C:\Users\kores\PycharmProjects\NewSite\NewsSite\venv\Lib\site-packages\django\template\defaulttags.py", line 243, in render
    nodelist.append(node.render_annotated(context))
                    ~~~~~~~~~~~~~~~~~~~~~^^^^^^^^^
  File "C:\Users\kores\PycharmProjects\NewSite\NewsSite\venv\Lib\site-packages\django\template\base.py", line 977, in render_annotated
    return self.render(context)
           ~~~~~~~~~~~^^^^^^^^^
  File "C:\Users\kores\PycharmProjects\NewSite\NewsSite\venv\Lib\site-packages\django\template\defaulttags.py", line 548, in render
    values = {key: val.resolve(context) for key, val in self.extra_context.items()}
                   ~~~~~~~~~~~^^^^^^^^^
  File "C:\Users\kores\PycharmProjects\NewSite\NewsSite\venv\Lib\site-packages\django\template\base.py", line 722, in resolve
    obj = self.var.resolve(context)
  File "C:\Users\kores\PycharmProjects\NewSite\NewsSite\venv\Lib\site-packages\django\template\base.py", line 854, in resolve
    value = self._resolve_lookup(context)
  File "C:\Users\kores\PycharmProjects\NewSite\NewsSite\venv\Lib\site-packages\django\template\base.py", line 925, in _resolve_lookup
    current = current()
  File "C:\Users\kores\PycharmProjects\NewSite\NewsSite\venv\Lib\site-packages\allauth\socialaccount\models.py", line 153, in get_provider_account
    return self.get_provider().wrap_account(self)
           ~~~~~~~~~~~~~~~~~^^
  File "C:\Users\kores\PycharmProjects\NewSite\NewsSite\venv\Lib\site-packages\allauth\socialaccount\models.py", line 147, in get_provider
    provider = self._provider = adapter.get_provider(
                                ~~~~~~~~~~~~~~~~~~~~^
        request or context.request, provider=self.provider
        ^^^^^^^^^^^^^^^^^^^^^^^^^^^^^^^^^^^^^^^^^^^^^^^^^^
    )
    ^
  File "C:\Users\kores\PycharmProjects\NewSite\NewsSite\venv\Lib\site-packages\allauth\socialaccount\adapter.py", line 213, in get_provider
    app = self.get_app(request, provider=provider, client_id=client_id)
  File "C:\Users\kores\PycharmProjects\NewSite\NewsSite\venv\Lib\site-packages\allauth\socialaccount\adapter.py", line 300, in get_app
    raise MultipleObjectsReturned
django.core.exceptions.MultipleObjectsReturned
2025-08-06 13:32:58 ERROR "GET /accounts/3rdparty/ HTTP/1.1" 500 253918 C:\Users\kores\PycharmProjects\NewSite\NewsSite\venv\Lib\site-packages\django\core\servers\basehttp.py
None
2025-08-06 13:32:59 ERROR Internal Server Error: /accounts/3rdparty/ C:\Users\kores\PycharmProjects\NewSite\NewsSite\venv\Lib\site-packages\django\utils\log.py
None
Traceback (most recent call last):
  File "C:\Users\kores\PycharmProjects\NewSite\NewsSite\venv\Lib\site-packages\django\core\handlers\exception.py", line 55, in inner
    response = get_response(request)
  File "C:\Users\kores\PycharmProjects\NewSite\NewsSite\venv\Lib\site-packages\django\core\handlers\base.py", line 220, in _get_response
    response = response.render()
  File "C:\Users\kores\PycharmProjects\NewSite\NewsSite\venv\Lib\site-packages\django\template\response.py", line 114, in render
    self.content = self.rendered_content
                   ^^^^^^^^^^^^^^^^^^^^^
  File "C:\Users\kores\PycharmProjects\NewSite\NewsSite\venv\Lib\site-packages\django\template\response.py", line 92, in rendered_content
    return template.render(context, self._request)
           ~~~~~~~~~~~~~~~^^^^^^^^^^^^^^^^^^^^^^^^
  File "C:\Users\kores\PycharmProjects\NewSite\NewsSite\venv\Lib\site-packages\django\template\backends\django.py", line 107, in render
    return self.template.render(context)
           ~~~~~~~~~~~~~~~~~~~~^^^^^^^^^
  File "C:\Users\kores\PycharmProjects\NewSite\NewsSite\venv\Lib\site-packages\django\template\base.py", line 171, in render
    return self._render(context)
           ~~~~~~~~~~~~^^^^^^^^^
  File "C:\Users\kores\PycharmProjects\NewSite\NewsSite\venv\Lib\site-packages\django\template\base.py", line 163, in _render
    return self.nodelist.render(context)
           ~~~~~~~~~~~~~~~~~~~~^^^^^^^^^
  File "C:\Users\kores\PycharmProjects\NewSite\NewsSite\venv\Lib\site-packages\django\template\base.py", line 1016, in render
    return SafeString("".join([node.render_annotated(context) for node in self]))
                               ~~~~~~~~~~~~~~~~~~~~~^^^^^^^^^
  File "C:\Users\kores\PycharmProjects\NewSite\NewsSite\venv\Lib\site-packages\django\template\base.py", line 977, in render_annotated
    return self.render(context)
           ~~~~~~~~~~~^^^^^^^^^
  File "C:\Users\kores\PycharmProjects\NewSite\NewsSite\venv\Lib\site-packages\django\template\loader_tags.py", line 159, in render
    return compiled_parent._render(context)
           ~~~~~~~~~~~~~~~~~~~~~~~^^^^^^^^^
  File "C:\Users\kores\PycharmProjects\NewSite\NewsSite\venv\Lib\site-packages\django\template\base.py", line 163, in _render
    return self.nodelist.render(context)
           ~~~~~~~~~~~~~~~~~~~~^^^^^^^^^
  File "C:\Users\kores\PycharmProjects\NewSite\NewsSite\venv\Lib\site-packages\django\template\base.py", line 1016, in render
    return SafeString("".join([node.render_annotated(context) for node in self]))
                               ~~~~~~~~~~~~~~~~~~~~~^^^^^^^^^
  File "C:\Users\kores\PycharmProjects\NewSite\NewsSite\venv\Lib\site-packages\django\template\base.py", line 977, in render_annotated
    return self.render(context)
           ~~~~~~~~~~~^^^^^^^^^
  File "C:\Users\kores\PycharmProjects\NewSite\NewsSite\venv\Lib\site-packages\django\template\loader_tags.py", line 159, in render
    return compiled_parent._render(context)
           ~~~~~~~~~~~~~~~~~~~~~~~^^^^^^^^^
  File "C:\Users\kores\PycharmProjects\NewSite\NewsSite\venv\Lib\site-packages\django\template\base.py", line 163, in _render
    return self.nodelist.render(context)
           ~~~~~~~~~~~~~~~~~~~~^^^^^^^^^
  File "C:\Users\kores\PycharmProjects\NewSite\NewsSite\venv\Lib\site-packages\django\template\base.py", line 1016, in render
    return SafeString("".join([node.render_annotated(context) for node in self]))
                               ~~~~~~~~~~~~~~~~~~~~~^^^^^^^^^
  File "C:\Users\kores\PycharmProjects\NewSite\NewsSite\venv\Lib\site-packages\django\template\base.py", line 977, in render_annotated
    return self.render(context)
           ~~~~~~~~~~~^^^^^^^^^
  File "C:\Users\kores\PycharmProjects\NewSite\NewsSite\venv\Lib\site-packages\django\template\loader_tags.py", line 159, in render
    return compiled_parent._render(context)
           ~~~~~~~~~~~~~~~~~~~~~~~^^^^^^^^^
  File "C:\Users\kores\PycharmProjects\NewSite\NewsSite\venv\Lib\site-packages\django\template\base.py", line 163, in _render
    return self.nodelist.render(context)
           ~~~~~~~~~~~~~~~~~~~~^^^^^^^^^
  File "C:\Users\kores\PycharmProjects\NewSite\NewsSite\venv\Lib\site-packages\django\template\base.py", line 1016, in render
    return SafeString("".join([node.render_annotated(context) for node in self]))
                               ~~~~~~~~~~~~~~~~~~~~~^^^^^^^^^
  File "C:\Users\kores\PycharmProjects\NewSite\NewsSite\venv\Lib\site-packages\django\template\base.py", line 977, in render_annotated
    return self.render(context)
           ~~~~~~~~~~~^^^^^^^^^
  File "C:\Users\kores\PycharmProjects\NewSite\NewsSite\venv\Lib\site-packages\django\template\loader_tags.py", line 65, in render
    result = block.nodelist.render(context)
  File "C:\Users\kores\PycharmProjects\NewSite\NewsSite\venv\Lib\site-packages\django\template\base.py", line 1016, in render
    return SafeString("".join([node.render_annotated(context) for node in self]))
                               ~~~~~~~~~~~~~~~~~~~~~^^^^^^^^^
  File "C:\Users\kores\PycharmProjects\NewSite\NewsSite\venv\Lib\site-packages\django\template\base.py", line 977, in render_annotated
    return self.render(context)
           ~~~~~~~~~~~^^^^^^^^^
  File "C:\Users\kores\PycharmProjects\NewSite\NewsSite\venv\Lib\site-packages\django\template\loader_tags.py", line 65, in render
    result = block.nodelist.render(context)
  File "C:\Users\kores\PycharmProjects\NewSite\NewsSite\venv\Lib\site-packages\django\template\base.py", line 1016, in render
    return SafeString("".join([node.render_annotated(context) for node in self]))
                               ~~~~~~~~~~~~~~~~~~~~~^^^^^^^^^
  File "C:\Users\kores\PycharmProjects\NewSite\NewsSite\venv\Lib\site-packages\django\template\base.py", line 977, in render_annotated
    return self.render(context)
           ~~~~~~~~~~~^^^^^^^^^
  File "C:\Users\kores\PycharmProjects\NewSite\NewsSite\venv\Lib\site-packages\django\template\defaulttags.py", line 327, in render
    return nodelist.render(context)
           ~~~~~~~~~~~~~~~^^^^^^^^^
  File "C:\Users\kores\PycharmProjects\NewSite\NewsSite\venv\Lib\site-packages\django\template\base.py", line 1016, in render
    return SafeString("".join([node.render_annotated(context) for node in self]))
                               ~~~~~~~~~~~~~~~~~~~~~^^^^^^^^^
  File "C:\Users\kores\PycharmProjects\NewSite\NewsSite\venv\Lib\site-packages\django\template\base.py", line 977, in render_annotated
    return self.render(context)
           ~~~~~~~~~~~^^^^^^^^^
  File "C:\Users\kores\PycharmProjects\NewSite\NewsSite\venv\Lib\site-packages\django\template\defaulttags.py", line 243, in render
    nodelist.append(node.render_annotated(context))
                    ~~~~~~~~~~~~~~~~~~~~~^^^^^^^^^
  File "C:\Users\kores\PycharmProjects\NewSite\NewsSite\venv\Lib\site-packages\django\template\base.py", line 977, in render_annotated
    return self.render(context)
           ~~~~~~~~~~~^^^^^^^^^
  File "C:\Users\kores\PycharmProjects\NewSite\NewsSite\venv\Lib\site-packages\django\template\defaulttags.py", line 548, in render
    values = {key: val.resolve(context) for key, val in self.extra_context.items()}
                   ~~~~~~~~~~~^^^^^^^^^
  File "C:\Users\kores\PycharmProjects\NewSite\NewsSite\venv\Lib\site-packages\django\template\base.py", line 722, in resolve
    obj = self.var.resolve(context)
  File "C:\Users\kores\PycharmProjects\NewSite\NewsSite\venv\Lib\site-packages\django\template\base.py", line 854, in resolve
    value = self._resolve_lookup(context)
  File "C:\Users\kores\PycharmProjects\NewSite\NewsSite\venv\Lib\site-packages\django\template\base.py", line 925, in _resolve_lookup
    current = current()
  File "C:\Users\kores\PycharmProjects\NewSite\NewsSite\venv\Lib\site-packages\allauth\socialaccount\models.py", line 153, in get_provider_account
    return self.get_provider().wrap_account(self)
           ~~~~~~~~~~~~~~~~~^^
  File "C:\Users\kores\PycharmProjects\NewSite\NewsSite\venv\Lib\site-packages\allauth\socialaccount\models.py", line 147, in get_provider
    provider = self._provider = adapter.get_provider(
                                ~~~~~~~~~~~~~~~~~~~~^
        request or context.request, provider=self.provider
        ^^^^^^^^^^^^^^^^^^^^^^^^^^^^^^^^^^^^^^^^^^^^^^^^^^
    )
    ^
  File "C:\Users\kores\PycharmProjects\NewSite\NewsSite\venv\Lib\site-packages\allauth\socialaccount\adapter.py", line 213, in get_provider
    app = self.get_app(request, provider=provider, client_id=client_id)
  File "C:\Users\kores\PycharmProjects\NewSite\NewsSite\venv\Lib\site-packages\allauth\socialaccount\adapter.py", line 300, in get_app
    raise MultipleObjectsReturned
django.core.exceptions.MultipleObjectsReturned
2025-08-06 13:32:59 ERROR "GET /accounts/3rdparty/ HTTP/1.1" 500 253918 C:\Users\kores\PycharmProjects\NewSite\NewsSite\venv\Lib\site-packages\django\core\servers\basehttp.py
None
2025-08-06 13:33:08 ERROR Internal Server Error: /accounts/3rdparty/ C:\Users\kores\PycharmProjects\NewSite\NewsSite\venv\Lib\site-packages\django\utils\log.py
None
Traceback (most recent call last):
  File "C:\Users\kores\PycharmProjects\NewSite\NewsSite\venv\Lib\site-packages\django\core\handlers\exception.py", line 55, in inner
    response = get_response(request)
  File "C:\Users\kores\PycharmProjects\NewSite\NewsSite\venv\Lib\site-packages\django\core\handlers\base.py", line 220, in _get_response
    response = response.render()
  File "C:\Users\kores\PycharmProjects\NewSite\NewsSite\venv\Lib\site-packages\django\template\response.py", line 114, in render
    self.content = self.rendered_content
                   ^^^^^^^^^^^^^^^^^^^^^
  File "C:\Users\kores\PycharmProjects\NewSite\NewsSite\venv\Lib\site-packages\django\template\response.py", line 92, in rendered_content
    return template.render(context, self._request)
           ~~~~~~~~~~~~~~~^^^^^^^^^^^^^^^^^^^^^^^^
  File "C:\Users\kores\PycharmProjects\NewSite\NewsSite\venv\Lib\site-packages\django\template\backends\django.py", line 107, in render
    return self.template.render(context)
           ~~~~~~~~~~~~~~~~~~~~^^^^^^^^^
  File "C:\Users\kores\PycharmProjects\NewSite\NewsSite\venv\Lib\site-packages\django\template\base.py", line 171, in render
    return self._render(context)
           ~~~~~~~~~~~~^^^^^^^^^
  File "C:\Users\kores\PycharmProjects\NewSite\NewsSite\venv\Lib\site-packages\django\template\base.py", line 163, in _render
    return self.nodelist.render(context)
           ~~~~~~~~~~~~~~~~~~~~^^^^^^^^^
  File "C:\Users\kores\PycharmProjects\NewSite\NewsSite\venv\Lib\site-packages\django\template\base.py", line 1016, in render
    return SafeString("".join([node.render_annotated(context) for node in self]))
                               ~~~~~~~~~~~~~~~~~~~~~^^^^^^^^^
  File "C:\Users\kores\PycharmProjects\NewSite\NewsSite\venv\Lib\site-packages\django\template\base.py", line 977, in render_annotated
    return self.render(context)
           ~~~~~~~~~~~^^^^^^^^^
  File "C:\Users\kores\PycharmProjects\NewSite\NewsSite\venv\Lib\site-packages\django\template\loader_tags.py", line 159, in render
    return compiled_parent._render(context)
           ~~~~~~~~~~~~~~~~~~~~~~~^^^^^^^^^
  File "C:\Users\kores\PycharmProjects\NewSite\NewsSite\venv\Lib\site-packages\django\template\base.py", line 163, in _render
    return self.nodelist.render(context)
           ~~~~~~~~~~~~~~~~~~~~^^^^^^^^^
  File "C:\Users\kores\PycharmProjects\NewSite\NewsSite\venv\Lib\site-packages\django\template\base.py", line 1016, in render
    return SafeString("".join([node.render_annotated(context) for node in self]))
                               ~~~~~~~~~~~~~~~~~~~~~^^^^^^^^^
  File "C:\Users\kores\PycharmProjects\NewSite\NewsSite\venv\Lib\site-packages\django\template\base.py", line 977, in render_annotated
    return self.render(context)
           ~~~~~~~~~~~^^^^^^^^^
  File "C:\Users\kores\PycharmProjects\NewSite\NewsSite\venv\Lib\site-packages\django\template\loader_tags.py", line 159, in render
    return compiled_parent._render(context)
           ~~~~~~~~~~~~~~~~~~~~~~~^^^^^^^^^
  File "C:\Users\kores\PycharmProjects\NewSite\NewsSite\venv\Lib\site-packages\django\template\base.py", line 163, in _render
    return self.nodelist.render(context)
           ~~~~~~~~~~~~~~~~~~~~^^^^^^^^^
  File "C:\Users\kores\PycharmProjects\NewSite\NewsSite\venv\Lib\site-packages\django\template\base.py", line 1016, in render
    return SafeString("".join([node.render_annotated(context) for node in self]))
                               ~~~~~~~~~~~~~~~~~~~~~^^^^^^^^^
  File "C:\Users\kores\PycharmProjects\NewSite\NewsSite\venv\Lib\site-packages\django\template\base.py", line 977, in render_annotated
    return self.render(context)
           ~~~~~~~~~~~^^^^^^^^^
  File "C:\Users\kores\PycharmProjects\NewSite\NewsSite\venv\Lib\site-packages\django\template\loader_tags.py", line 159, in render
    return compiled_parent._render(context)
           ~~~~~~~~~~~~~~~~~~~~~~~^^^^^^^^^
  File "C:\Users\kores\PycharmProjects\NewSite\NewsSite\venv\Lib\site-packages\django\template\base.py", line 163, in _render
    return self.nodelist.render(context)
           ~~~~~~~~~~~~~~~~~~~~^^^^^^^^^
  File "C:\Users\kores\PycharmProjects\NewSite\NewsSite\venv\Lib\site-packages\django\template\base.py", line 1016, in render
    return SafeString("".join([node.render_annotated(context) for node in self]))
                               ~~~~~~~~~~~~~~~~~~~~~^^^^^^^^^
  File "C:\Users\kores\PycharmProjects\NewSite\NewsSite\venv\Lib\site-packages\django\template\base.py", line 977, in render_annotated
    return self.render(context)
           ~~~~~~~~~~~^^^^^^^^^
  File "C:\Users\kores\PycharmProjects\NewSite\NewsSite\venv\Lib\site-packages\django\template\loader_tags.py", line 65, in render
    result = block.nodelist.render(context)
  File "C:\Users\kores\PycharmProjects\NewSite\NewsSite\venv\Lib\site-packages\django\template\base.py", line 1016, in render
    return SafeString("".join([node.render_annotated(context) for node in self]))
                               ~~~~~~~~~~~~~~~~~~~~~^^^^^^^^^
  File "C:\Users\kores\PycharmProjects\NewSite\NewsSite\venv\Lib\site-packages\django\template\base.py", line 977, in render_annotated
    return self.render(context)
           ~~~~~~~~~~~^^^^^^^^^
  File "C:\Users\kores\PycharmProjects\NewSite\NewsSite\venv\Lib\site-packages\django\template\loader_tags.py", line 65, in render
    result = block.nodelist.render(context)
  File "C:\Users\kores\PycharmProjects\NewSite\NewsSite\venv\Lib\site-packages\django\template\base.py", line 1016, in render
    return SafeString("".join([node.render_annotated(context) for node in self]))
                               ~~~~~~~~~~~~~~~~~~~~~^^^^^^^^^
  File "C:\Users\kores\PycharmProjects\NewSite\NewsSite\venv\Lib\site-packages\django\template\base.py", line 977, in render_annotated
    return self.render(context)
           ~~~~~~~~~~~^^^^^^^^^
  File "C:\Users\kores\PycharmProjects\NewSite\NewsSite\venv\Lib\site-packages\django\template\defaulttags.py", line 327, in render
    return nodelist.render(context)
           ~~~~~~~~~~~~~~~^^^^^^^^^
  File "C:\Users\kores\PycharmProjects\NewSite\NewsSite\venv\Lib\site-packages\django\template\base.py", line 1016, in render
    return SafeString("".join([node.render_annotated(context) for node in self]))
                               ~~~~~~~~~~~~~~~~~~~~~^^^^^^^^^
  File "C:\Users\kores\PycharmProjects\NewSite\NewsSite\venv\Lib\site-packages\django\template\base.py", line 977, in render_annotated
    return self.render(context)
           ~~~~~~~~~~~^^^^^^^^^
  File "C:\Users\kores\PycharmProjects\NewSite\NewsSite\venv\Lib\site-packages\django\template\defaulttags.py", line 243, in render
    nodelist.append(node.render_annotated(context))
                    ~~~~~~~~~~~~~~~~~~~~~^^^^^^^^^
  File "C:\Users\kores\PycharmProjects\NewSite\NewsSite\venv\Lib\site-packages\django\template\base.py", line 977, in render_annotated
    return self.render(context)
           ~~~~~~~~~~~^^^^^^^^^
  File "C:\Users\kores\PycharmProjects\NewSite\NewsSite\venv\Lib\site-packages\django\template\defaulttags.py", line 548, in render
    values = {key: val.resolve(context) for key, val in self.extra_context.items()}
                   ~~~~~~~~~~~^^^^^^^^^
  File "C:\Users\kores\PycharmProjects\NewSite\NewsSite\venv\Lib\site-packages\django\template\base.py", line 722, in resolve
    obj = self.var.resolve(context)
  File "C:\Users\kores\PycharmProjects\NewSite\NewsSite\venv\Lib\site-packages\django\template\base.py", line 854, in resolve
    value = self._resolve_lookup(context)
  File "C:\Users\kores\PycharmProjects\NewSite\NewsSite\venv\Lib\site-packages\django\template\base.py", line 925, in _resolve_lookup
    current = current()
  File "C:\Users\kores\PycharmProjects\NewSite\NewsSite\venv\Lib\site-packages\allauth\socialaccount\models.py", line 153, in get_provider_account
    return self.get_provider().wrap_account(self)
           ~~~~~~~~~~~~~~~~~^^
  File "C:\Users\kores\PycharmProjects\NewSite\NewsSite\venv\Lib\site-packages\allauth\socialaccount\models.py", line 147, in get_provider
    provider = self._provider = adapter.get_provider(
                                ~~~~~~~~~~~~~~~~~~~~^
        request or context.request, provider=self.provider
        ^^^^^^^^^^^^^^^^^^^^^^^^^^^^^^^^^^^^^^^^^^^^^^^^^^
    )
    ^
  File "C:\Users\kores\PycharmProjects\NewSite\NewsSite\venv\Lib\site-packages\allauth\socialaccount\adapter.py", line 213, in get_provider
    app = self.get_app(request, provider=provider, client_id=client_id)
  File "C:\Users\kores\PycharmProjects\NewSite\NewsSite\venv\Lib\site-packages\allauth\socialaccount\adapter.py", line 300, in get_app
    raise MultipleObjectsReturned
django.core.exceptions.MultipleObjectsReturned
2025-08-06 13:33:08 ERROR "GET /accounts/3rdparty/ HTTP/1.1" 500 253918 C:\Users\kores\PycharmProjects\NewSite\NewsSite\venv\Lib\site-packages\django\core\servers\basehttp.py
None
2025-08-08 11:58:33 ERROR Internal Server Error: /i18n/setlang/ C:\Users\kores\PycharmProjects\NewSite\NewsSite\venv\Lib\site-packages\django\utils\log.py
None
Traceback (most recent call last):
  File "C:\Users\kores\PycharmProjects\NewSite\NewsSite\venv\Lib\site-packages\django\core\handlers\exception.py", line 55, in inner
    response = get_response(request)
  File "C:\Users\kores\PycharmProjects\NewSite\NewsSite\venv\Lib\site-packages\django\core\handlers\base.py", line 197, in _get_response
    response = wrapped_callback(request, *callback_args, **callback_kwargs)
  File "C:\Users\kores\PycharmProjects\NewSite\NewsSite\venv\Lib\site-packages\django\views\decorators\http.py", line 64, in inner
    return func(request, *args, **kwargs)
  File "C:\Users\kores\PycharmProjects\NewSite\NewsSite\news\views.py", line 28, in custom_set_language
    request.session[translation.LANGUAGE_SESSION_KEY] = lang_code
                    ^^^^^^^^^^^^^^^^^^^^^^^^^^^^^^^^
AttributeError: module 'django.utils.translation' has no attribute 'LANGUAGE_SESSION_KEY'
2025-08-08 11:58:33 ERROR "POST /i18n/setlang/ HTTP/1.1" 500 77539 C:\Users\kores\PycharmProjects\NewSite\NewsSite\venv\Lib\site-packages\django\core\servers\basehttp.py
None
2025-08-08 12:25:37 ERROR Internal Server Error: /news/news/ C:\Users\kores\PycharmProjects\NewSite\NewsSite\venv\Lib\site-packages\django\utils\log.py
None
Traceback (most recent call last):
  File "C:\Users\kores\PycharmProjects\NewSite\NewsSite\venv\Lib\site-packages\django\template\smartif.py", line 180, in translate_token
    op = OPERATORS[token]
         ~~~~~~~~~^^^^^^^
KeyError: "=='ru'"

During handling of the above exception, another exception occurred:

Traceback (most recent call last):
  File "C:\Users\kores\PycharmProjects\NewSite\NewsSite\venv\Lib\site-packages\django\core\handlers\exception.py", line 55, in inner
    response = get_response(request)
  File "C:\Users\kores\PycharmProjects\NewSite\NewsSite\venv\Lib\site-packages\django\core\handlers\base.py", line 220, in _get_response
    response = response.render()
  File "C:\Users\kores\PycharmProjects\NewSite\NewsSite\venv\Lib\site-packages\django\template\response.py", line 114, in render
    self.content = self.rendered_content
                   ^^^^^^^^^^^^^^^^^^^^^
  File "C:\Users\kores\PycharmProjects\NewSite\NewsSite\venv\Lib\site-packages\django\template\response.py", line 92, in rendered_content
    return template.render(context, self._request)
           ~~~~~~~~~~~~~~~^^^^^^^^^^^^^^^^^^^^^^^^
  File "C:\Users\kores\PycharmProjects\NewSite\NewsSite\venv\Lib\site-packages\django\template\backends\django.py", line 107, in render
    return self.template.render(context)
           ~~~~~~~~~~~~~~~~~~~~^^^^^^^^^
  File "C:\Users\kores\PycharmProjects\NewSite\NewsSite\venv\Lib\site-packages\django\template\base.py", line 171, in render
    return self._render(context)
           ~~~~~~~~~~~~^^^^^^^^^
  File "C:\Users\kores\PycharmProjects\NewSite\NewsSite\venv\Lib\site-packages\django\template\base.py", line 163, in _render
    return self.nodelist.render(context)
           ~~~~~~~~~~~~~~~~~~~~^^^^^^^^^
  File "C:\Users\kores\PycharmProjects\NewSite\NewsSite\venv\Lib\site-packages\django\template\base.py", line 1016, in render
    return SafeString("".join([node.render_annotated(context) for node in self]))
                               ~~~~~~~~~~~~~~~~~~~~~^^^^^^^^^
  File "C:\Users\kores\PycharmProjects\NewSite\NewsSite\venv\Lib\site-packages\django\template\base.py", line 977, in render_annotated
    return self.render(context)
           ~~~~~~~~~~~^^^^^^^^^
  File "C:\Users\kores\PycharmProjects\NewSite\NewsSite\venv\Lib\site-packages\django\template\loader_tags.py", line 134, in render
    compiled_parent = self.get_parent(context)
  File "C:\Users\kores\PycharmProjects\NewSite\NewsSite\venv\Lib\site-packages\django\template\loader_tags.py", line 131, in get_parent
    return self.find_template(parent, context)
           ~~~~~~~~~~~~~~~~~~^^^^^^^^^^^^^^^^^
  File "C:\Users\kores\PycharmProjects\NewSite\NewsSite\venv\Lib\site-packages\django\template\loader_tags.py", line 109, in find_template
    template, origin = context.template.engine.find_template(
                       ~~~~~~~~~~~~~~~~~~~~~~~~~~~~~~~~~~~~~^
        template_name,
        ^^^^^^^^^^^^^^
        skip=history,
        ^^^^^^^^^^^^^
    )
    ^
  File "C:\Users\kores\PycharmProjects\NewSite\NewsSite\venv\Lib\site-packages\django\template\engine.py", line 159, in find_template
    template = loader.get_template(name, skip=skip)
  File "C:\Users\kores\PycharmProjects\NewSite\NewsSite\venv\Lib\site-packages\django\template\loaders\cached.py", line 57, in get_template
    template = super().get_template(template_name, skip)
  File "C:\Users\kores\PycharmProjects\NewSite\NewsSite\venv\Lib\site-packages\django\template\loaders\base.py", line 28, in get_template
    return Template(
        contents,
    ...<2 lines>...
        self.engine,
    )
  File "C:\Users\kores\PycharmProjects\NewSite\NewsSite\venv\Lib\site-packages\django\template\base.py", line 154, in __init__
    self.nodelist = self.compile_nodelist()
                    ~~~~~~~~~~~~~~~~~~~~~^^
  File "C:\Users\kores\PycharmProjects\NewSite\NewsSite\venv\Lib\site-packages\django\template\base.py", line 196, in compile_nodelist
    nodelist = parser.parse()
  File "C:\Users\kores\PycharmProjects\NewSite\NewsSite\venv\Lib\site-packages\django\template\base.py", line 518, in parse
    raise self.error(token, e)
  File "C:\Users\kores\PycharmProjects\NewSite\NewsSite\venv\Lib\site-packages\django\template\base.py", line 516, in parse
    compiled_result = compile_func(self, token)
  File "C:\Users\kores\PycharmProjects\NewSite\NewsSite\venv\Lib\site-packages\django\template\defaulttags.py", line 961, in do_if
    condition = TemplateIfParser(parser, bits).parse()
                ~~~~~~~~~~~~~~~~^^^^^^^^^^^^^^
  File "C:\Users\kores\PycharmProjects\NewSite\NewsSite\venv\Lib\site-packages\django\template\defaulttags.py", line 894, in __init__
    super().__init__(*args, **kwargs)
    ~~~~~~~~~~~~~~~~^^^^^^^^^^^^^^^^^
  File "C:\Users\kores\PycharmProjects\NewSite\NewsSite\venv\Lib\site-packages\django\template\smartif.py", line 171, in __init__
    mapped_tokens.append(self.translate_token(token))
                         ~~~~~~~~~~~~~~~~~~~~^^^^^^^
  File "C:\Users\kores\PycharmProjects\NewSite\NewsSite\venv\Lib\site-packages\django\template\smartif.py", line 182, in translate_token
    return self.create_var(token)
           ~~~~~~~~~~~~~~~^^^^^^^
  File "C:\Users\kores\PycharmProjects\NewSite\NewsSite\venv\Lib\site-packages\django\template\defaulttags.py", line 897, in create_var
    return TemplateLiteral(self.template_parser.compile_filter(value), value)
                           ~~~~~~~~~~~~~~~~~~~~~~~~~~~~~~~~~~~^^^^^^^
  File "C:\Users\kores\PycharmProjects\NewSite\NewsSite\venv\Lib\site-packages\django\template\base.py", line 609, in compile_filter
    return FilterExpression(token, self)
  File "C:\Users\kores\PycharmProjects\NewSite\NewsSite\venv\Lib\site-packages\django\template\base.py", line 710, in __init__
    raise TemplateSyntaxError(
    ...<2 lines>...
    )
django.template.exceptions.TemplateSyntaxError: Could not parse the remainder: '=='ru'' from '=='ru''
2025-08-08 12:25:37 ERROR "GET /news/news/ HTTP/1.1" 500 222959 C:\Users\kores\PycharmProjects\NewSite\NewsSite\venv\Lib\site-packages\django\core\servers\basehttp.py
None
